{"/home/travis/build/npmtest/node-npmtest-grunt-lesslint/test.js":{"path":"/home/travis/build/npmtest/node-npmtest-grunt-lesslint/test.js","s":{"1":2,"2":2,"3":2,"4":2,"5":2,"6":2,"7":2,"8":1,"9":2,"10":2,"11":1,"12":1,"13":1,"14":1,"15":2,"16":2,"17":2,"18":2,"19":1,"20":1,"21":2,"22":2,"23":2,"24":1,"25":1,"26":1,"27":1,"28":1,"29":1,"30":1,"31":1,"32":1,"33":1,"34":1,"35":1,"36":1,"37":1,"38":1,"39":2,"40":2,"41":1,"42":2,"43":2,"44":1,"45":2,"46":2,"47":1,"48":2,"49":2,"50":1,"51":1,"52":1,"53":1,"54":1},"b":{"1":[2,1,1,1],"2":[1,1,1,1],"3":[1,1],"4":[1,1],"5":[1,1],"6":[1,1],"7":[1,1],"8":[1,1],"9":[1,1],"10":[1,1,1],"11":[1,1],"12":[1,1],"13":[1,1],"14":[1,1],"15":[1,1],"16":[1,1],"17":[1,1]},"f":{"1":2,"2":2,"3":2,"4":2,"5":2,"6":1,"7":1,"8":1,"9":2,"10":2,"11":2,"12":2,"13":1},"fnMap":{"1":{"name":"(anonymous_1)","line":12,"loc":{"start":{"line":12,"column":1},"end":{"line":12,"column":13}}},"2":{"name":"(anonymous_2)","line":19,"loc":{"start":{"line":19,"column":5},"end":{"line":19,"column":17}}},"3":{"name":"(anonymous_3)","line":23,"loc":{"start":{"line":23,"column":24},"end":{"line":23,"column":36}}},"4":{"name":"(anonymous_4)","line":61,"loc":{"start":{"line":61,"column":5},"end":{"line":61,"column":17}}},"5":{"name":"(anonymous_5)","line":82,"loc":{"start":{"line":82,"column":5},"end":{"line":82,"column":17}}},"6":{"name":"(anonymous_6)","line":91,"loc":{"start":{"line":91,"column":77},"end":{"line":94,"column":10}}},"7":{"name":"(anonymous_7)","line":112,"loc":{"start":{"line":112,"column":83},"end":{"line":115,"column":10}},"skip":true},"8":{"name":"(anonymous_8)","line":123,"loc":{"start":{"line":123,"column":77},"end":{"line":126,"column":10}},"skip":true},"9":{"name":"(anonymous_9)","line":139,"loc":{"start":{"line":139,"column":12},"end":{"line":139,"column":40}},"skip":true},"10":{"name":"(anonymous_10)","line":147,"loc":{"start":{"line":147,"column":77},"end":{"line":150,"column":10}},"skip":true},"11":{"name":"(anonymous_11)","line":158,"loc":{"start":{"line":158,"column":83},"end":{"line":161,"column":10}},"skip":true},"12":{"name":"(anonymous_12)","line":169,"loc":{"start":{"line":169,"column":79},"end":{"line":172,"column":10}},"skip":true},"13":{"name":"(anonymous_13)","line":180,"loc":{"start":{"line":180,"column":75},"end":{"line":183,"column":10}},"skip":true}},"statementMap":{"1":{"start":{"line":12,"column":0},"end":{"line":195,"column":5}},"2":{"start":{"line":14,"column":4},"end":{"line":14,"column":14}},"3":{"start":{"line":19,"column":4},"end":{"line":56,"column":9}},"4":{"start":{"line":21,"column":8},"end":{"line":21,"column":19}},"5":{"start":{"line":23,"column":8},"end":{"line":35,"column":13}},"6":{"start":{"line":24,"column":12},"end":{"line":34,"column":13}},"7":{"start":{"line":25,"column":16},"end":{"line":28,"column":30}},"8":{"start":{"line":30,"column":16},"end":{"line":33,"column":27}},"9":{"start":{"line":37,"column":8},"end":{"line":39,"column":21}},"10":{"start":{"line":40,"column":8},"end":{"line":53,"column":9}},"11":{"start":{"line":43,"column":12},"end":{"line":46,"column":14}},"12":{"start":{"line":47,"column":12},"end":{"line":47,"column":18}},"13":{"start":{"line":50,"column":12},"end":{"line":51,"column":46}},"14":{"start":{"line":52,"column":12},"end":{"line":52,"column":18}},"15":{"start":{"line":55,"column":8},"end":{"line":55,"column":35}},"16":{"start":{"line":61,"column":4},"end":{"line":63,"column":9}},"17":{"start":{"line":62,"column":8},"end":{"line":62,"column":15}},"18":{"start":{"line":64,"column":4},"end":{"line":77,"column":5}},"19":{"start":{"line":70,"column":8},"end":{"line":70,"column":14}},"20":{"start":{"line":76,"column":8},"end":{"line":76,"column":14}},"21":{"start":{"line":82,"column":4},"end":{"line":84,"column":9}},"22":{"start":{"line":83,"column":8},"end":{"line":83,"column":15}},"23":{"start":{"line":85,"column":4},"end":{"line":194,"column":5}},"24":{"start":{"line":91,"column":8},"end":{"line":99,"column":10}},"25":{"start":{"line":98,"column":12},"end":{"line":98,"column":35}},"26":{"start":{"line":102,"column":8},"end":{"line":104,"column":63}},"27":{"start":{"line":105,"column":8},"end":{"line":105,"column":14}},"28":{"start":{"line":112,"column":8},"end":{"line":121,"column":10},"skip":true},"29":{"start":{"line":119,"column":12},"end":{"line":119,"column":55},"skip":true},"30":{"start":{"line":120,"column":12},"end":{"line":120,"column":48},"skip":true},"31":{"start":{"line":123,"column":8},"end":{"line":136,"column":10},"skip":true},"32":{"start":{"line":130,"column":12},"end":{"line":130,"column":76},"skip":true},"33":{"start":{"line":131,"column":12},"end":{"line":131,"column":73},"skip":true},"34":{"start":{"line":132,"column":12},"end":{"line":132,"column":74},"skip":true},"35":{"start":{"line":133,"column":12},"end":{"line":133,"column":79},"skip":true},"36":{"start":{"line":134,"column":12},"end":{"line":134,"column":25},"skip":true},"37":{"start":{"line":135,"column":12},"end":{"line":135,"column":45},"skip":true},"38":{"start":{"line":138,"column":8},"end":{"line":145,"column":14},"skip":true},"39":{"start":{"line":143,"column":16},"end":{"line":143,"column":29},"skip":true},"40":{"start":{"line":144,"column":16},"end":{"line":144,"column":55},"skip":true},"41":{"start":{"line":147,"column":8},"end":{"line":156,"column":10},"skip":true},"42":{"start":{"line":154,"column":12},"end":{"line":154,"column":25},"skip":true},"43":{"start":{"line":155,"column":12},"end":{"line":155,"column":45},"skip":true},"44":{"start":{"line":158,"column":8},"end":{"line":167,"column":10},"skip":true},"45":{"start":{"line":165,"column":12},"end":{"line":165,"column":25},"skip":true},"46":{"start":{"line":166,"column":12},"end":{"line":166,"column":48},"skip":true},"47":{"start":{"line":169,"column":8},"end":{"line":178,"column":10},"skip":true},"48":{"start":{"line":176,"column":12},"end":{"line":176,"column":25},"skip":true},"49":{"start":{"line":177,"column":12},"end":{"line":177,"column":46},"skip":true},"50":{"start":{"line":180,"column":8},"end":{"line":189,"column":10},"skip":true},"51":{"start":{"line":187,"column":12},"end":{"line":187,"column":94},"skip":true},"52":{"start":{"line":188,"column":12},"end":{"line":188,"column":48},"skip":true},"53":{"start":{"line":192,"column":8},"end":{"line":192,"column":35},"skip":true},"54":{"start":{"line":193,"column":8},"end":{"line":193,"column":14},"skip":true}},"branchMap":{"1":{"line":25,"type":"binary-expr","locations":[{"start":{"line":25,"column":23},"end":{"line":25,"column":62}},{"start":{"line":26,"column":20},"end":{"line":26,"column":70}},{"start":{"line":27,"column":20},"end":{"line":27,"column":71}},{"start":{"line":28,"column":20},"end":{"line":28,"column":29}}]},"2":{"line":30,"type":"binary-expr","locations":[{"start":{"line":30,"column":23},"end":{"line":30,"column":37}},{"start":{"line":31,"column":20},"end":{"line":31,"column":61}},{"start":{"line":32,"column":20},"end":{"line":32,"column":70}},{"start":{"line":33,"column":20},"end":{"line":33,"column":26}}]},"3":{"line":37,"type":"cond-expr","locations":[{"start":{"line":38,"column":14},"end":{"line":38,"column":20}},{"start":{"line":39,"column":14},"end":{"line":39,"column":20}}]},"4":{"line":40,"type":"switch","locations":[{"start":{"line":42,"column":8},"end":{"line":47,"column":18}},{"start":{"line":49,"column":8},"end":{"line":52,"column":18}}]},"5":{"line":44,"type":"binary-expr","locations":[{"start":{"line":44,"column":16},"end":{"line":44,"column":44}},{"start":{"line":44,"column":48},"end":{"line":44,"column":66}}]},"6":{"line":50,"type":"binary-expr","locations":[{"start":{"line":50,"column":21},"end":{"line":50,"column":49}},{"start":{"line":50,"column":53},"end":{"line":50,"column":72}}]},"7":{"line":64,"type":"switch","locations":[{"start":{"line":69,"column":4},"end":{"line":70,"column":14}},{"start":{"line":75,"column":4},"end":{"line":76,"column":14}}]},"8":{"line":85,"type":"switch","locations":[{"start":{"line":90,"column":4},"end":{"line":105,"column":14}},{"start":{"line":111,"column":4},"end":{"line":193,"column":14},"skip":true}]},"9":{"line":91,"type":"binary-expr","locations":[{"start":{"line":91,"column":42},"end":{"line":91,"column":73}},{"start":{"line":91,"column":77},"end":{"line":99,"column":9}}]},"10":{"line":102,"type":"binary-expr","locations":[{"start":{"line":102,"column":18},"end":{"line":102,"column":32}},{"start":{"line":103,"column":12},"end":{"line":103,"column":53}},{"start":{"line":104,"column":12},"end":{"line":104,"column":61}}]},"11":{"line":112,"type":"binary-expr","locations":[{"start":{"line":112,"column":45},"end":{"line":112,"column":79},"skip":true},{"start":{"line":112,"column":83},"end":{"line":121,"column":9},"skip":true}]},"12":{"line":123,"type":"binary-expr","locations":[{"start":{"line":123,"column":42},"end":{"line":123,"column":73},"skip":true},{"start":{"line":123,"column":77},"end":{"line":136,"column":9},"skip":true}]},"13":{"line":138,"type":"binary-expr","locations":[{"start":{"line":138,"column":48},"end":{"line":138,"column":85},"skip":true},{"start":{"line":139,"column":12},"end":{"line":145,"column":13},"skip":true}]},"14":{"line":147,"type":"binary-expr","locations":[{"start":{"line":147,"column":42},"end":{"line":147,"column":73},"skip":true},{"start":{"line":147,"column":77},"end":{"line":156,"column":9},"skip":true}]},"15":{"line":158,"type":"binary-expr","locations":[{"start":{"line":158,"column":45},"end":{"line":158,"column":79},"skip":true},{"start":{"line":158,"column":83},"end":{"line":167,"column":9},"skip":true}]},"16":{"line":169,"type":"binary-expr","locations":[{"start":{"line":169,"column":43},"end":{"line":169,"column":75},"skip":true},{"start":{"line":169,"column":79},"end":{"line":178,"column":9},"skip":true}]},"17":{"line":180,"type":"binary-expr","locations":[{"start":{"line":180,"column":41},"end":{"line":180,"column":71},"skip":true},{"start":{"line":180,"column":75},"end":{"line":189,"column":9},"skip":true}]}},"code":["/* istanbul instrument in package npmtest_grunt_lesslint */","/*jslint","    bitwise: true,","    browser: true,","    maxerr: 8,","    maxlen: 96,","    node: true,","    nomen: true,","    regexp: true,","    stupid: true","*/","(function () {","    'use strict';","    var local;","","","","    // run shared js-env code - pre-init","    (function () {","        // init local","        local = {};","        // init modeJs","        local.modeJs = (function () {","            try {","                return typeof navigator.userAgent === 'string' &&","                    typeof document.querySelector('body') === 'object' &&","                    typeof XMLHttpRequest.prototype.open === 'function' &&","                    'browser';","            } catch (errorCaughtBrowser) {","                return module.exports &&","                    typeof process.versions.node === 'string' &&","                    typeof require('http').createServer === 'function' &&","                    'node';","            }","        }());","        // init global","        local.global = local.modeJs === 'browser'","            ? window","            : global;","        switch (local.modeJs) {","        // re-init local from window.local","        case 'browser':","            local = local.global.utility2.objectSetDefault(","                local.global.utility2_rollup || local.global.local,","                local.global.utility2","            );","            break;","        // re-init local from example.js","        case 'node':","            local = (local.global.utility2_rollup || require('utility2'))","                .requireExampleJsFromReadme();","            break;","        }","        // export local","        local.global.local = local;","    }());","","","","    // run shared js-env code - function","    (function () {","        return;","    }());","    switch (local.modeJs) {","","","","    // run browser js-env code - function","    case 'browser':","        break;","","","","    // run node js-env code - function","    case 'node':","        break;","    }","","","","    // run shared js-env code - post-init","    (function () {","        return;","    }());","    switch (local.modeJs) {","","","","    // run browser js-env code - post-init","    case 'browser':","        local.testCase_browser_nullCase = local.testCase_browser_nullCase || function (","            options,","            onError","        ) {","        /*","         * this function will test browsers's null-case handling-behavior-behavior","         */","            onError(null, options);","        };","","        // run tests","        local.nop(local.modeTest &&","            document.querySelector('#testRunButton1') &&","            document.querySelector('#testRunButton1').click());","        break;","","","","    // run node js-env code - post-init","    /* istanbul ignore next */","    case 'node':","        local.testCase_buildApidoc_default = local.testCase_buildApidoc_default || function (","            options,","            onError","        ) {","        /*","         * this function will test buildApidoc's default handling-behavior-behavior","         */","            options = { modulePathList: module.paths };","            local.buildApidoc(options, onError);","        };","","        local.testCase_buildApp_default = local.testCase_buildApp_default || function (","            options,","            onError","        ) {","        /*","         * this function will test buildApp's default handling-behavior-behavior","         */","            local.testCase_buildReadme_default(options, local.onErrorThrow);","            local.testCase_buildLib_default(options, local.onErrorThrow);","            local.testCase_buildTest_default(options, local.onErrorThrow);","            local.testCase_buildCustomOrg_default(options, local.onErrorThrow);","            options = [];","            local.buildApp(options, onError);","        };","","        local.testCase_buildCustomOrg_default = local.testCase_buildCustomOrg_default ||","            function (options, onError) {","            /*","             * this function will test buildCustomOrg's default handling-behavior","             */","                options = {};","                local.buildCustomOrg(options, onError);","            };","","        local.testCase_buildLib_default = local.testCase_buildLib_default || function (","            options,","            onError","        ) {","        /*","         * this function will test buildLib's default handling-behavior","         */","            options = {};","            local.buildLib(options, onError);","        };","","        local.testCase_buildReadme_default = local.testCase_buildReadme_default || function (","            options,","            onError","        ) {","        /*","         * this function will test buildReadme's default handling-behavior-behavior","         */","            options = {};","            local.buildReadme(options, onError);","        };","","        local.testCase_buildTest_default = local.testCase_buildTest_default || function (","            options,","            onError","        ) {","        /*","         * this function will test buildTest's default handling-behavior","         */","            options = {};","            local.buildTest(options, onError);","        };","","        local.testCase_webpage_default = local.testCase_webpage_default || function (","            options,","            onError","        ) {","        /*","         * this function will test webpage's default handling-behavior","         */","            options = { modeCoverageMerge: true, url: local.serverLocalHost + '?modeTest=1' };","            local.browserTest(options, onError);","        };","","        // run test-server","        local.testRunServer(local);","        break;","    }","}());",""],"l":{"12":2,"14":2,"19":2,"21":2,"23":2,"24":2,"25":2,"30":1,"37":2,"40":2,"43":1,"47":1,"50":1,"52":1,"55":2,"61":2,"62":2,"64":2,"70":1,"76":1,"82":2,"83":2,"85":2,"91":1,"98":1,"102":1,"105":1,"112":1,"119":1,"120":1,"123":1,"130":1,"131":1,"132":1,"133":1,"134":1,"135":1,"138":1,"143":2,"144":2,"147":1,"154":2,"155":2,"158":1,"165":2,"166":2,"169":1,"176":2,"177":2,"180":1,"187":1,"188":1,"192":1,"193":1}},"/home/travis/build/npmtest/node-npmtest-grunt-lesslint/lib.npmtest_grunt_lesslint.js":{"path":"/home/travis/build/npmtest/node-npmtest-grunt-lesslint/lib.npmtest_grunt_lesslint.js","s":{"1":2,"2":2,"3":2,"4":2,"5":2,"6":2,"7":2,"8":1,"9":2,"10":2,"11":2,"12":2,"13":1,"14":1,"15":1,"16":1},"b":{"1":[2,1,1,1],"2":[1,1,1,1],"3":[1,1],"4":[2,2],"5":[1,1]},"f":{"1":2,"2":2,"3":2},"fnMap":{"1":{"name":"(anonymous_1)","line":12,"loc":{"start":{"line":12,"column":1},"end":{"line":12,"column":13}}},"2":{"name":"(anonymous_2)","line":19,"loc":{"start":{"line":19,"column":5},"end":{"line":19,"column":17}}},"3":{"name":"(anonymous_3)","line":23,"loc":{"start":{"line":23,"column":24},"end":{"line":23,"column":36}}}},"statementMap":{"1":{"start":{"line":12,"column":0},"end":{"line":53,"column":5}},"2":{"start":{"line":14,"column":4},"end":{"line":14,"column":14}},"3":{"start":{"line":19,"column":4},"end":{"line":52,"column":9}},"4":{"start":{"line":21,"column":8},"end":{"line":21,"column":19}},"5":{"start":{"line":23,"column":8},"end":{"line":35,"column":13}},"6":{"start":{"line":24,"column":12},"end":{"line":34,"column":13}},"7":{"start":{"line":25,"column":16},"end":{"line":28,"column":30}},"8":{"start":{"line":30,"column":16},"end":{"line":33,"column":27}},"9":{"start":{"line":37,"column":8},"end":{"line":39,"column":21}},"10":{"start":{"line":41,"column":8},"end":{"line":41,"column":54}},"11":{"start":{"line":43,"column":8},"end":{"line":43,"column":59}},"12":{"start":{"line":45,"column":8},"end":{"line":51,"column":9}},"13":{"start":{"line":46,"column":12},"end":{"line":46,"column":65}},"14":{"start":{"line":48,"column":12},"end":{"line":48,"column":35}},"15":{"start":{"line":49,"column":12},"end":{"line":49,"column":49}},"16":{"start":{"line":50,"column":12},"end":{"line":50,"column":43}}},"branchMap":{"1":{"line":25,"type":"binary-expr","locations":[{"start":{"line":25,"column":23},"end":{"line":25,"column":62}},{"start":{"line":26,"column":20},"end":{"line":26,"column":70}},{"start":{"line":27,"column":20},"end":{"line":27,"column":71}},{"start":{"line":28,"column":20},"end":{"line":28,"column":29}}]},"2":{"line":30,"type":"binary-expr","locations":[{"start":{"line":30,"column":23},"end":{"line":30,"column":37}},{"start":{"line":31,"column":20},"end":{"line":31,"column":61}},{"start":{"line":32,"column":20},"end":{"line":32,"column":70}},{"start":{"line":33,"column":20},"end":{"line":33,"column":26}}]},"3":{"line":37,"type":"cond-expr","locations":[{"start":{"line":38,"column":14},"end":{"line":38,"column":20}},{"start":{"line":39,"column":14},"end":{"line":39,"column":20}}]},"4":{"line":41,"type":"binary-expr","locations":[{"start":{"line":41,"column":16},"end":{"line":41,"column":44}},{"start":{"line":41,"column":48},"end":{"line":41,"column":53}}]},"5":{"line":45,"type":"if","locations":[{"start":{"line":45,"column":8},"end":{"line":45,"column":8}},{"start":{"line":45,"column":8},"end":{"line":45,"column":8}}]}},"code":["/* istanbul instrument in package npmtest_grunt_lesslint */","/*jslint","    bitwise: true,","    browser: true,","    maxerr: 8,","    maxlen: 96,","    node: true,","    nomen: true,","    regexp: true,","    stupid: true","*/","(function () {","    'use strict';","    var local;","","","","    // run shared js-env code - pre-init","    (function () {","        // init local","        local = {};","        // init modeJs","        local.modeJs = (function () {","            try {","                return typeof navigator.userAgent === 'string' &&","                    typeof document.querySelector('body') === 'object' &&","                    typeof XMLHttpRequest.prototype.open === 'function' &&","                    'browser';","            } catch (errorCaughtBrowser) {","                return module.exports &&","                    typeof process.versions.node === 'string' &&","                    typeof require('http').createServer === 'function' &&","                    'node';","            }","        }());","        // init global","        local.global = local.modeJs === 'browser'","            ? window","            : global;","        // init utility2_rollup","        local = local.global.utility2_rollup || local;","        // init lib","        local.local = local.npmtest_grunt_lesslint = local;","        // init exports","        if (local.modeJs === 'browser') {","            local.global.utility2_npmtest_grunt_lesslint = local;","        } else {","            module.exports = local;","            module.exports.__dirname = __dirname;","            module.exports.module = module;","        }","    }());","}());",""],"l":{"12":2,"14":2,"19":2,"21":2,"23":2,"24":2,"25":2,"30":1,"37":2,"41":2,"43":2,"45":2,"46":1,"48":1,"49":1,"50":1}},"/home/travis/build/npmtest/node-npmtest-grunt-lesslint/example.js":{"path":"/home/travis/build/npmtest/node-npmtest-grunt-lesslint/example.js","s":{"1":2,"2":2,"3":2,"4":2,"5":2,"6":2,"7":2,"8":1,"9":2,"10":2,"11":2,"12":2,"13":1,"14":2,"15":2,"16":2,"17":2,"18":2,"19":0,"20":2,"21":1,"22":1,"23":1,"24":1,"25":1,"26":0,"27":0,"28":1,"29":1,"30":2,"31":0,"32":0,"33":0,"34":1,"35":2,"36":2,"37":3,"38":3,"39":3,"40":3,"41":0,"42":3,"43":3,"44":3,"45":1,"46":3,"47":1,"48":1,"49":1,"50":1,"51":1,"52":1,"53":1,"54":1,"55":1,"56":1,"57":0,"58":1,"59":6,"60":6,"61":1,"62":2,"63":0,"64":2,"65":1,"66":1,"67":0,"68":0,"69":0,"70":0,"71":0,"72":0,"73":0,"74":0,"75":0,"76":0,"77":0,"78":0,"79":0,"80":0,"81":0,"82":0,"83":0},"b":{"1":[2,1,1,1],"2":[1,1,1,1],"3":[1,1],"4":[2,2],"5":[1,1],"6":[1,1],"7":[2,0],"8":[2,1,1,1,1,1],"9":[0,2,0],"10":[1,1],"11":[2,1,1],"12":[1,0],"13":[0,2],"14":[2,0,0,0,0,0,0],"15":[0,3],"16":[3,0],"17":[1,1],"18":[0,1],"19":[1,2,0,2],"20":[1,0],"21":[1,1],"22":[0,0],"23":[0,0],"24":[0,0],"25":[0,0],"26":[0,0],"27":[0,0],"28":[0,0]},"f":{"1":2,"2":2,"3":2,"4":2,"5":2,"6":2,"7":3,"8":3,"9":3,"10":1,"11":6,"12":0},"fnMap":{"1":{"name":"(anonymous_1)","line":26,"loc":{"start":{"line":26,"column":1},"end":{"line":26,"column":13}}},"2":{"name":"(anonymous_2)","line":33,"loc":{"start":{"line":33,"column":5},"end":{"line":33,"column":17}}},"3":{"name":"(anonymous_3)","line":37,"loc":{"start":{"line":37,"column":24},"end":{"line":37,"column":36}}},"4":{"name":"(anonymous_4)","line":69,"loc":{"start":{"line":69,"column":31},"end":{"line":69,"column":48}},"skip":true},"5":{"name":"(anonymous_5)","line":78,"loc":{"start":{"line":78,"column":26},"end":{"line":78,"column":45}},"skip":true},"6":{"name":"(anonymous_6)","line":123,"loc":{"start":{"line":123,"column":33},"end":{"line":123,"column":48}},"skip":true},"7":{"name":"(anonymous_7)","line":125,"loc":{"start":{"line":125,"column":27},"end":{"line":125,"column":39}},"skip":true},"8":{"name":"(anonymous_8)","line":133,"loc":{"start":{"line":133,"column":59},"end":{"line":133,"column":74}},"skip":true},"9":{"name":"(anonymous_9)","line":143,"loc":{"start":{"line":143,"column":45},"end":{"line":143,"column":62}},"skip":true},"10":{"name":"(anonymous_10)","line":144,"loc":{"start":{"line":144,"column":73},"end":{"line":144,"column":92}},"skip":true},"11":{"name":"(anonymous_11)","line":272,"loc":{"start":{"line":272,"column":51},"end":{"line":272,"column":77}},"skip":true},"12":{"name":"(anonymous_12)","line":315,"loc":{"start":{"line":315,"column":32},"end":{"line":315,"column":61}},"skip":true}},"statementMap":{"1":{"start":{"line":26,"column":0},"end":{"line":326,"column":5}},"2":{"start":{"line":28,"column":4},"end":{"line":28,"column":14}},"3":{"start":{"line":33,"column":4},"end":{"line":60,"column":9}},"4":{"start":{"line":35,"column":8},"end":{"line":35,"column":19}},"5":{"start":{"line":37,"column":8},"end":{"line":49,"column":13}},"6":{"start":{"line":38,"column":12},"end":{"line":48,"column":13}},"7":{"start":{"line":39,"column":16},"end":{"line":42,"column":30}},"8":{"start":{"line":44,"column":16},"end":{"line":47,"column":27}},"9":{"start":{"line":51,"column":8},"end":{"line":53,"column":21}},"10":{"start":{"line":55,"column":8},"end":{"line":57,"column":45}},"11":{"start":{"line":59,"column":8},"end":{"line":59,"column":35}},"12":{"start":{"line":61,"column":4},"end":{"line":325,"column":5}},"13":{"start":{"line":69,"column":8},"end":{"line":121,"column":10},"skip":true},"14":{"start":{"line":70,"column":12},"end":{"line":88,"column":13},"skip":true},"15":{"start":{"line":76,"column":16},"end":{"line":87,"column":19},"skip":true},"16":{"start":{"line":79,"column":20},"end":{"line":86,"column":21},"skip":true},"17":{"start":{"line":82,"column":24},"end":{"line":82,"column":43},"skip":true},"18":{"start":{"line":83,"column":24},"end":{"line":83,"column":30},"skip":true},"19":{"start":{"line":85,"column":24},"end":{"line":85,"column":49},"skip":true},"20":{"start":{"line":89,"column":12},"end":{"line":107,"column":13},"skip":true},"21":{"start":{"line":92,"column":16},"end":{"line":102,"column":17},"skip":true},"22":{"start":{"line":93,"column":20},"end":{"line":93,"column":86},"skip":true},"23":{"start":{"line":94,"column":20},"end":{"line":95,"column":45},"skip":true},"24":{"start":{"line":96,"column":20},"end":{"line":96,"column":42},"skip":true},"25":{"start":{"line":97,"column":20},"end":{"line":97,"column":48},"skip":true},"26":{"start":{"line":100,"column":20},"end":{"line":100,"column":85},"skip":true},"27":{"start":{"line":101,"column":20},"end":{"line":101,"column":96},"skip":true},"28":{"start":{"line":103,"column":16},"end":{"line":103,"column":22},"skip":true},"29":{"start":{"line":106,"column":16},"end":{"line":106,"column":22},"skip":true},"30":{"start":{"line":108,"column":12},"end":{"line":120,"column":13},"skip":true},"31":{"start":{"line":114,"column":16},"end":{"line":119,"column":17},"skip":true},"32":{"start":{"line":116,"column":20},"end":{"line":116,"column":78},"skip":true},"33":{"start":{"line":118,"column":20},"end":{"line":118,"column":47},"skip":true},"34":{"start":{"line":123,"column":8},"end":{"line":141,"column":11},"skip":true},"35":{"start":{"line":124,"column":12},"end":{"line":124,"column":54},"skip":true},"36":{"start":{"line":125,"column":12},"end":{"line":140,"column":14},"skip":true},"37":{"start":{"line":126,"column":16},"end":{"line":126,"column":28},"skip":true},"38":{"start":{"line":127,"column":16},"end":{"line":127,"column":69},"skip":true},"39":{"start":{"line":128,"column":16},"end":{"line":128,"column":75},"skip":true},"40":{"start":{"line":129,"column":16},"end":{"line":131,"column":17},"skip":true},"41":{"start":{"line":130,"column":20},"end":{"line":130,"column":27},"skip":true},"42":{"start":{"line":133,"column":16},"end":{"line":137,"column":36},"skip":true},"43":{"start":{"line":134,"column":20},"end":{"line":136,"column":55},"skip":true},"44":{"start":{"line":139,"column":16},"end":{"line":139,"column":57},"skip":true},"45":{"start":{"line":143,"column":8},"end":{"line":147,"column":11},"skip":true},"46":{"start":{"line":144,"column":12},"end":{"line":146,"column":15},"skip":true},"47":{"start":{"line":145,"column":16},"end":{"line":145,"column":70},"skip":true},"48":{"start":{"line":149,"column":8},"end":{"line":149,"column":31},"skip":true},"49":{"start":{"line":150,"column":8},"end":{"line":150,"column":14},"skip":true},"50":{"start":{"line":158,"column":8},"end":{"line":158,"column":31},"skip":true},"51":{"start":{"line":160,"column":8},"end":{"line":160,"column":33},"skip":true},"52":{"start":{"line":161,"column":8},"end":{"line":161,"column":37},"skip":true},"53":{"start":{"line":162,"column":8},"end":{"line":162,"column":35},"skip":true},"54":{"start":{"line":164,"column":8},"end":{"line":164,"column":50},"skip":true},"55":{"start":{"line":166,"column":8},"end":{"line":256,"column":2},"skip":true},"56":{"start":{"line":258,"column":8},"end":{"line":286,"column":9},"skip":true},"57":{"start":{"line":259,"column":12},"end":{"line":269,"column":14},"skip":true},"58":{"start":{"line":271,"column":12},"end":{"line":285,"column":19},"skip":true},"59":{"start":{"line":274,"column":20},"end":{"line":274,"column":35},"skip":true},"60":{"start":{"line":275,"column":20},"end":{"line":284,"column":21},"skip":true},"61":{"start":{"line":277,"column":24},"end":{"line":277,"column":64},"skip":true},"62":{"start":{"line":279,"column":24},"end":{"line":279,"column":40},"skip":true},"63":{"start":{"line":281,"column":24},"end":{"line":281,"column":40},"skip":true},"64":{"start":{"line":283,"column":24},"end":{"line":283,"column":39},"skip":true},"65":{"start":{"line":288,"column":8},"end":{"line":290,"column":9},"skip":true},"66":{"start":{"line":289,"column":12},"end":{"line":289,"column":18},"skip":true},"67":{"start":{"line":291,"column":8},"end":{"line":293,"column":54},"skip":true},"68":{"start":{"line":296,"column":8},"end":{"line":301,"column":37},"skip":true},"69":{"start":{"line":303,"column":8},"end":{"line":303,"column":82},"skip":true},"70":{"start":{"line":306,"column":8},"end":{"line":308,"column":9},"skip":true},"71":{"start":{"line":307,"column":12},"end":{"line":307,"column":82},"skip":true},"72":{"start":{"line":310,"column":8},"end":{"line":312,"column":9},"skip":true},"73":{"start":{"line":311,"column":12},"end":{"line":311,"column":18},"skip":true},"74":{"start":{"line":313,"column":8},"end":{"line":313,"column":54},"skip":true},"75":{"start":{"line":314,"column":8},"end":{"line":314,"column":69},"skip":true},"76":{"start":{"line":315,"column":8},"end":{"line":323,"column":36},"skip":true},"77":{"start":{"line":316,"column":12},"end":{"line":316,"column":61},"skip":true},"78":{"start":{"line":317,"column":12},"end":{"line":320,"column":13},"skip":true},"79":{"start":{"line":318,"column":16},"end":{"line":318,"column":75},"skip":true},"80":{"start":{"line":319,"column":16},"end":{"line":319,"column":23},"skip":true},"81":{"start":{"line":321,"column":12},"end":{"line":321,"column":38},"skip":true},"82":{"start":{"line":322,"column":12},"end":{"line":322,"column":27},"skip":true},"83":{"start":{"line":324,"column":8},"end":{"line":324,"column":14},"skip":true}},"branchMap":{"1":{"line":39,"type":"binary-expr","locations":[{"start":{"line":39,"column":23},"end":{"line":39,"column":62}},{"start":{"line":40,"column":20},"end":{"line":40,"column":70}},{"start":{"line":41,"column":20},"end":{"line":41,"column":71}},{"start":{"line":42,"column":20},"end":{"line":42,"column":29}}]},"2":{"line":44,"type":"binary-expr","locations":[{"start":{"line":44,"column":23},"end":{"line":44,"column":37}},{"start":{"line":45,"column":20},"end":{"line":45,"column":61}},{"start":{"line":46,"column":20},"end":{"line":46,"column":70}},{"start":{"line":47,"column":20},"end":{"line":47,"column":26}}]},"3":{"line":51,"type":"cond-expr","locations":[{"start":{"line":52,"column":14},"end":{"line":52,"column":20}},{"start":{"line":53,"column":14},"end":{"line":53,"column":20}}]},"4":{"line":55,"type":"binary-expr","locations":[{"start":{"line":55,"column":16},"end":{"line":55,"column":44}},{"start":{"line":55,"column":49},"end":{"line":57,"column":43}}]},"5":{"line":55,"type":"cond-expr","locations":[{"start":{"line":56,"column":14},"end":{"line":56,"column":58}},{"start":{"line":57,"column":14},"end":{"line":57,"column":43}}]},"6":{"line":61,"type":"switch","locations":[{"start":{"line":68,"column":4},"end":{"line":150,"column":14},"skip":true},{"start":{"line":156,"column":4},"end":{"line":324,"column":14},"skip":true}]},"7":{"line":70,"type":"if","locations":[{"start":{"line":70,"column":12},"end":{"line":70,"column":12},"skip":true},{"start":{"line":70,"column":12},"end":{"line":70,"column":12},"skip":true}]},"8":{"line":70,"type":"binary-expr","locations":[{"start":{"line":70,"column":16},"end":{"line":70,"column":22},"skip":true},{"start":{"line":70,"column":27},"end":{"line":70,"column":32},"skip":true},{"start":{"line":71,"column":20},"end":{"line":71,"column":39},"skip":true},{"start":{"line":72,"column":20},"end":{"line":72,"column":49},"skip":true},{"start":{"line":73,"column":20},"end":{"line":73,"column":58},"skip":true},{"start":{"line":74,"column":20},"end":{"line":74,"column":69},"skip":true}]},"9":{"line":79,"type":"switch","locations":[{"start":{"line":80,"column":20},"end":{"line":80,"column":33},"skip":true},{"start":{"line":81,"column":20},"end":{"line":83,"column":30},"skip":true},{"start":{"line":84,"column":20},"end":{"line":85,"column":49},"skip":true}]},"10":{"line":89,"type":"switch","locations":[{"start":{"line":90,"column":12},"end":{"line":103,"column":22},"skip":true},{"start":{"line":105,"column":12},"end":{"line":106,"column":22},"skip":true}]},"11":{"line":89,"type":"binary-expr","locations":[{"start":{"line":89,"column":20},"end":{"line":89,"column":25},"skip":true},{"start":{"line":89,"column":29},"end":{"line":89,"column":48},"skip":true},{"start":{"line":89,"column":52},"end":{"line":89,"column":74},"skip":true}]},"12":{"line":92,"type":"if","locations":[{"start":{"line":92,"column":16},"end":{"line":92,"column":16},"skip":true},{"start":{"line":92,"column":16},"end":{"line":92,"column":16},"skip":true}]},"13":{"line":108,"type":"if","locations":[{"start":{"line":108,"column":12},"end":{"line":108,"column":12},"skip":true},{"start":{"line":108,"column":12},"end":{"line":108,"column":12},"skip":true}]},"14":{"line":108,"type":"binary-expr","locations":[{"start":{"line":108,"column":16},"end":{"line":108,"column":61},"skip":true},{"start":{"line":108,"column":66},"end":{"line":108,"column":72},"skip":true},{"start":{"line":108,"column":77},"end":{"line":108,"column":82},"skip":true},{"start":{"line":109,"column":20},"end":{"line":109,"column":39},"skip":true},{"start":{"line":110,"column":20},"end":{"line":110,"column":49},"skip":true},{"start":{"line":111,"column":20},"end":{"line":111,"column":58},"skip":true},{"start":{"line":112,"column":20},"end":{"line":112,"column":68},"skip":true}]},"15":{"line":129,"type":"if","locations":[{"start":{"line":129,"column":16},"end":{"line":129,"column":16},"skip":true},{"start":{"line":129,"column":16},"end":{"line":129,"column":16},"skip":true}]},"16":{"line":134,"type":"cond-expr","locations":[{"start":{"line":135,"column":26},"end":{"line":135,"column":29},"skip":true},{"start":{"line":136,"column":26},"end":{"line":136,"column":54},"skip":true}]},"17":{"line":164,"type":"binary-expr","locations":[{"start":{"line":164,"column":27},"end":{"line":164,"column":43},"skip":true},{"start":{"line":164,"column":47},"end":{"line":164,"column":49},"skip":true}]},"18":{"line":258,"type":"if","locations":[{"start":{"line":258,"column":8},"end":{"line":258,"column":8},"skip":true},{"start":{"line":258,"column":8},"end":{"line":258,"column":8},"skip":true}]},"19":{"line":275,"type":"switch","locations":[{"start":{"line":276,"column":20},"end":{"line":277,"column":64},"skip":true},{"start":{"line":278,"column":20},"end":{"line":279,"column":40},"skip":true},{"start":{"line":280,"column":20},"end":{"line":281,"column":40},"skip":true},{"start":{"line":282,"column":20},"end":{"line":283,"column":39},"skip":true}]},"20":{"line":288,"type":"if","locations":[{"start":{"line":288,"column":8},"end":{"line":288,"column":8},"skip":true},{"start":{"line":288,"column":8},"end":{"line":288,"column":8},"skip":true}]},"21":{"line":288,"type":"binary-expr","locations":[{"start":{"line":288,"column":12},"end":{"line":288,"column":40},"skip":true},{"start":{"line":288,"column":44},"end":{"line":288,"column":67},"skip":true}]},"22":{"line":292,"type":"binary-expr","locations":[{"start":{"line":292,"column":12},"end":{"line":292,"column":50},"skip":true},{"start":{"line":293,"column":12},"end":{"line":293,"column":53},"skip":true}]},"23":{"line":297,"type":"binary-expr","locations":[{"start":{"line":297,"column":12},"end":{"line":297,"column":72},"skip":true},{"start":{"line":298,"column":12},"end":{"line":301,"column":36},"skip":true}]},"24":{"line":303,"type":"binary-expr","locations":[{"start":{"line":303,"column":43},"end":{"line":303,"column":75},"skip":true},{"start":{"line":303,"column":79},"end":{"line":303,"column":81},"skip":true}]},"25":{"line":306,"type":"if","locations":[{"start":{"line":306,"column":8},"end":{"line":306,"column":8},"skip":true},{"start":{"line":306,"column":8},"end":{"line":306,"column":8},"skip":true}]},"26":{"line":310,"type":"if","locations":[{"start":{"line":310,"column":8},"end":{"line":310,"column":8},"skip":true},{"start":{"line":310,"column":8},"end":{"line":310,"column":8},"skip":true}]},"27":{"line":313,"type":"binary-expr","locations":[{"start":{"line":313,"column":27},"end":{"line":313,"column":43},"skip":true},{"start":{"line":313,"column":47},"end":{"line":313,"column":53},"skip":true}]},"28":{"line":317,"type":"if","locations":[{"start":{"line":317,"column":12},"end":{"line":317,"column":12},"skip":true},{"start":{"line":317,"column":12},"end":{"line":317,"column":12},"skip":true}]}},"code":["/*","example.js","","quickstart example","","instruction","    1. save this script as example.js","    2. run the shell command:","        $ npm install npmtest-grunt-lesslint && PORT=8081 node example.js","    3. play with the browser-demo on http://127.0.0.1:8081","*/","","","","/* istanbul instrument in package npmtest_grunt_lesslint */","/*jslint","    bitwise: true,","    browser: true,","    maxerr: 8,","    maxlen: 96,","    node: true,","    nomen: true,","    regexp: true,","    stupid: true","*/","(function () {","    'use strict';","    var local;","","","","    // run shared js-env code - pre-init","    (function () {","        // init local","        local = {};","        // init modeJs","        local.modeJs = (function () {","            try {","                return typeof navigator.userAgent === 'string' &&","                    typeof document.querySelector('body') === 'object' &&","                    typeof XMLHttpRequest.prototype.open === 'function' &&","                    'browser';","            } catch (errorCaughtBrowser) {","                return module.exports &&","                    typeof process.versions.node === 'string' &&","                    typeof require('http').createServer === 'function' &&","                    'node';","            }","        }());","        // init global","        local.global = local.modeJs === 'browser'","            ? window","            : global;","        // init utility2_rollup","        local = local.global.utility2_rollup || (local.modeJs === 'browser'","            ? local.global.utility2_npmtest_grunt_lesslint","            : global.utility2_moduleExports);","        // export local","        local.global.local = local;","    }());","    switch (local.modeJs) {","","","","    // post-init","    // run browser js-env code - post-init","    /* istanbul ignore next */","    case 'browser':","        local.testRunBrowser = function (event) {","            if (!event || (event &&","                    event.currentTarget &&","                    event.currentTarget.className &&","                    event.currentTarget.className.includes &&","                    event.currentTarget.className.includes('onreset'))) {","                // reset output","                Array.from(","                    document.querySelectorAll('body > .resettable')","                ).forEach(function (element) {","                    switch (element.tagName) {","                    case 'INPUT':","                    case 'TEXTAREA':","                        element.value = '';","                        break;","                    default:","                        element.textContent = '';","                    }","                });","            }","            switch (event && event.currentTarget && event.currentTarget.id) {","            case 'testRunButton1':","                // show tests","                if (document.querySelector('#testReportDiv1').style.display === 'none') {","                    document.querySelector('#testReportDiv1').style.display = 'block';","                    document.querySelector('#testRunButton1').textContent =","                        'hide internal test';","                    local.modeTest = true;","                    local.testRunDefault(local);","                // hide tests","                } else {","                    document.querySelector('#testReportDiv1').style.display = 'none';","                    document.querySelector('#testRunButton1').textContent = 'run internal test';","                }","                break;","            // custom-case","            default:","                break;","            }","            if (document.querySelector('#inputTextareaEval1') && (!event || (event &&","                    event.currentTarget &&","                    event.currentTarget.className &&","                    event.currentTarget.className.includes &&","                    event.currentTarget.className.includes('oneval')))) {","                // try to eval input-code","                try {","                    /*jslint evil: true*/","                    eval(document.querySelector('#inputTextareaEval1').value);","                } catch (errorCaught) {","                    console.error(errorCaught);","                }","            }","        };","        // log stderr and stdout to #outputTextareaStdout1","        ['error', 'log'].forEach(function (key) {","            console[key + '_original'] = console[key];","            console[key] = function () {","                var element;","                console[key + '_original'].apply(console, arguments);","                element = document.querySelector('#outputTextareaStdout1');","                if (!element) {","                    return;","                }","                // append text to #outputTextareaStdout1","                element.value += Array.from(arguments).map(function (arg) {","                    return typeof arg === 'string'","                        ? arg","                        : JSON.stringify(arg, null, 4);","                }).join(' ') + '\\n';","                // scroll textarea to bottom","                element.scrollTop = element.scrollHeight;","            };","        });","        // init event-handling","        ['change', 'click', 'keyup'].forEach(function (event) {","            Array.from(document.querySelectorAll('.on' + event)).forEach(function (element) {","                element.addEventListener(event, local.testRunBrowser);","            });","        });","        // run tests","        local.testRunBrowser();","        break;","","","","    // run node js-env code - post-init","    /* istanbul ignore next */","    case 'node':","        // export local","        module.exports = local;","        // require modules","        local.fs = require('fs');","        local.http = require('http');","        local.url = require('url');","        // init assets","        local.assetsDict = local.assetsDict || {};","        /* jslint-ignore-begin */","        local.assetsDict['/assets.index.template.html'] = '\\","<!doctype html>\\n\\","<html lang=\"en\">\\n\\","<head>\\n\\","<meta charset=\"UTF-8\">\\n\\","<meta name=\"viewport\" content=\"width=device-width, initial-scale=1\">\\n\\","<title>{{env.npm_package_name}} (v{{env.npm_package_version}})</title>\\n\\","<style>\\n\\","/*csslint\\n\\","    box-sizing: false,\\n\\","    universal-selector: false\\n\\","*/\\n\\","* {\\n\\","    box-sizing: border-box;\\n\\","}\\n\\","body {\\n\\","    background: #dde;\\n\\","    font-family: Arial, Helvetica, sans-serif;\\n\\","    margin: 2rem;\\n\\","}\\n\\","body > * {\\n\\","    margin-bottom: 1rem;\\n\\","}\\n\\",".utility2FooterDiv {\\n\\","    margin-top: 20px;\\n\\","    text-align: center;\\n\\","}\\n\\","</style>\\n\\","<style>\\n\\","/*csslint\\n\\","*/\\n\\","textarea {\\n\\","    font-family: monospace;\\n\\","    height: 10rem;\\n\\","    width: 100%;\\n\\","}\\n\\","textarea[readonly] {\\n\\","    background: #ddd;\\n\\","}\\n\\","</style>\\n\\","</head>\\n\\","<body>\\n\\","<!-- utility2-comment\\n\\","<div id=\"ajaxProgressDiv1\" style=\"background: #d00; height: 2px; left: 0; margin: 0; padding: 0; position: fixed; top: 0; transition: background 0.5s, width 1.5s; width: 25%;\"></div>\\n\\","utility2-comment -->\\n\\","<h1>\\n\\","<!-- utility2-comment\\n\\","    <a\\n\\","        {{#if env.npm_package_homepage}}\\n\\","        href=\"{{env.npm_package_homepage}}\"\\n\\","        {{/if env.npm_package_homepage}}\\n\\","        target=\"_blank\"\\n\\","    >\\n\\","utility2-comment -->\\n\\","        {{env.npm_package_name}} (v{{env.npm_package_version}})\\n\\","<!-- utility2-comment\\n\\","    </a>\\n\\","utility2-comment -->\\n\\","</h1>\\n\\","<h3>{{env.npm_package_description}}</h3>\\n\\","<!-- utility2-comment\\n\\","<h4><a download href=\"assets.app.js\">download standalone app</a></h4>\\n\\","<button class=\"onclick onreset\" id=\"testRunButton1\">run internal test</button><br>\\n\\","<div id=\"testReportDiv1\" style=\"display: none;\"></div>\\n\\","utility2-comment -->\\n\\","\\n\\","\\n\\","\\n\\","<label>stderr and stdout</label>\\n\\","<textarea class=\"resettable\" id=\"outputTextareaStdout1\" readonly></textarea>\\n\\","<!-- utility2-comment\\n\\","{{#if isRollup}}\\n\\","<script src=\"assets.app.js\"></script>\\n\\","{{#unless isRollup}}\\n\\","utility2-comment -->\\n\\","<script src=\"assets.utility2.rollup.js\"></script>\\n\\","<script src=\"jsonp.utility2._stateInit?callback=window.utility2._stateInit\"></script>\\n\\","<script src=\"assets.npmtest_grunt_lesslint.rollup.js\"></script>\\n\\","<script src=\"assets.example.js\"></script>\\n\\","<script src=\"assets.test.js\"></script>\\n\\","<!-- utility2-comment\\n\\","{{/if isRollup}}\\n\\","utility2-comment -->\\n\\","<div class=\"utility2FooterDiv\">\\n\\","    [ this app was created with\\n\\","    <a href=\"https://github.com/kaizhu256/node-utility2\" target=\"_blank\">utility2</a>\\n\\","    ]\\n\\","</div>\\n\\","</body>\\n\\","</html>\\n\\","';","        /* jslint-ignore-end */","        if (local.templateRender) {","            local.assetsDict['/'] = local.templateRender(","                local.assetsDict['/assets.index.template.html'],","                {","                    env: local.objectSetDefault(local.env, {","                        npm_package_description: 'the greatest app in the world!',","                        npm_package_name: 'my-app',","                        npm_package_nameAlias: 'my_app',","                        npm_package_version: '0.0.1'","                    })","                }","            );","        } else {","            local.assetsDict['/'] = local.assetsDict['/assets.index.template.html']","                .replace((/\\{\\{env\\.(\\w+?)\\}\\}/g), function (match0, match1) {","                    // jslint-hack","                    String(match0);","                    switch (match1) {","                    case 'npm_package_description':","                        return 'the greatest app in the world!';","                    case 'npm_package_name':","                        return 'my-app';","                    case 'npm_package_nameAlias':","                        return 'my_app';","                    case 'npm_package_version':","                        return '0.0.1';","                    }","                });","        }","        // run the cli","        if (local.global.utility2_rollup || module !== require.main) {","            break;","        }","        local.assetsDict['/assets.example.js'] =","            local.assetsDict['/assets.example.js'] ||","            local.fs.readFileSync(__filename, 'utf8');","        // bug-workaround - long $npm_package_buildCustomOrg","        /* jslint-ignore-begin */","        local.assetsDict['/assets.npmtest_grunt_lesslint.rollup.js'] =","            local.assetsDict['/assets.npmtest_grunt_lesslint.rollup.js'] ||","            local.fs.readFileSync(","                local.npmtest_grunt_lesslint.__dirname + '/lib.npmtest_grunt_lesslint.js',","                'utf8'","            ).replace((/^#!/), '//');","        /* jslint-ignore-end */","        local.assetsDict['/favicon.ico'] = local.assetsDict['/favicon.ico'] || '';","        // if $npm_config_timeout_exit exists,","        // then exit this process after $npm_config_timeout_exit ms","        if (Number(process.env.npm_config_timeout_exit)) {","            setTimeout(process.exit, Number(process.env.npm_config_timeout_exit));","        }","        // start server","        if (local.global.utility2_serverHttp1) {","            break;","        }","        process.env.PORT = process.env.PORT || '8081';","        console.error('server starting on port ' + process.env.PORT);","        local.http.createServer(function (request, response) {","            request.urlParsed = local.url.parse(request.url);","            if (local.assetsDict[request.urlParsed.pathname] !== undefined) {","                response.end(local.assetsDict[request.urlParsed.pathname]);","                return;","            }","            response.statusCode = 404;","            response.end();","        }).listen(process.env.PORT);","        break;","    }","}());",""],"l":{"26":2,"28":2,"33":2,"35":2,"37":2,"38":2,"39":2,"44":1,"51":2,"55":2,"59":2,"61":2,"69":1,"70":2,"76":2,"79":2,"82":2,"83":2,"85":1,"89":2,"92":1,"93":1,"94":1,"96":1,"97":1,"100":1,"101":1,"103":1,"106":1,"108":2,"114":1,"116":1,"118":1,"123":1,"124":2,"125":2,"126":3,"127":3,"128":3,"129":3,"130":1,"133":3,"134":3,"139":3,"143":1,"144":3,"145":1,"149":1,"150":1,"158":1,"160":1,"161":1,"162":1,"164":1,"166":1,"258":1,"259":1,"271":1,"274":6,"275":6,"277":1,"279":2,"281":1,"283":2,"288":1,"289":1,"291":1,"296":1,"303":1,"306":1,"307":1,"310":1,"311":1,"313":1,"314":1,"315":1,"316":1,"317":1,"318":1,"319":1,"321":1,"322":1,"324":1}},"/home/travis/build/npmtest/node-npmtest-grunt-lesslint/node_modules/grunt-lesslint/tasks/less-lint-task.js":{"path":"/home/travis/build/npmtest/node-npmtest-grunt-lesslint/node_modules/grunt-lesslint/tasks/less-lint-task.js","s":{"1":1,"2":1,"3":1,"4":1,"5":1,"6":1,"7":1,"8":1,"9":1,"10":1,"11":1,"12":1,"13":1,"14":1,"15":1,"16":1,"17":0,"18":0,"19":0,"20":0,"21":0,"22":0,"23":0,"24":0,"25":0,"26":0,"27":0,"28":0,"29":0,"30":0,"31":0,"32":0,"33":0,"34":0,"35":0,"36":0,"37":0,"38":0,"39":0,"40":0,"41":0,"42":0,"43":0,"44":0,"45":0,"46":0,"47":0,"48":0,"49":0,"50":0,"51":0,"52":0,"53":0,"54":0,"55":0,"56":0,"57":0,"58":0,"59":0,"60":0,"61":0,"62":0,"63":0,"64":0,"65":0,"66":0,"67":0,"68":0,"69":0,"70":0,"71":0,"72":0,"73":0,"74":0,"75":0,"76":0,"77":0,"78":0,"79":0,"80":0,"81":0,"82":0,"83":0,"84":0,"85":0,"86":0,"87":0,"88":0,"89":0,"90":0,"91":0,"92":0,"93":0,"94":0,"95":1},"b":{"1":[0,0],"2":[0,0],"3":[0,0],"4":[0,0],"5":[0,0],"6":[0,0],"7":[0,0],"8":[0,0],"9":[0,0],"10":[0,0],"11":[0,0,0,0,0],"12":[0,0],"13":[0,0],"14":[0,0]},"f":{"1":1,"2":0,"3":0,"4":0,"5":0,"6":0,"7":0,"8":0,"9":0,"10":0,"11":0},"fnMap":{"1":{"name":"(anonymous_1)","line":1,"loc":{"start":{"line":1,"column":1},"end":{"line":1,"column":12}}},"2":{"name":"(anonymous_2)","line":36,"loc":{"start":{"line":36,"column":19},"end":{"line":36,"column":35}}},"3":{"name":"(anonymous_3)","line":38,"loc":{"start":{"line":38,"column":24},"end":{"line":38,"column":51}}},"4":{"name":"(anonymous_4)","line":44,"loc":{"start":{"line":44,"column":32},"end":{"line":44,"column":46}}},"5":{"name":"(anonymous_5)","line":71,"loc":{"start":{"line":71,"column":77},"end":{"line":71,"column":88}}},"6":{"name":"(anonymous_6)","line":86,"loc":{"start":{"line":86,"column":26},"end":{"line":86,"column":51}}},"7":{"name":"(anonymous_7)","line":95,"loc":{"start":{"line":95,"column":29},"end":{"line":95,"column":51}}},"8":{"name":"(anonymous_8)","line":114,"loc":{"start":{"line":114,"column":28},"end":{"line":114,"column":43}}},"9":{"name":"(anonymous_9)","line":118,"loc":{"start":{"line":118,"column":20},"end":{"line":118,"column":31}}},"10":{"name":"(anonymous_10)","line":135,"loc":{"start":{"line":135,"column":53},"end":{"line":135,"column":64}}},"11":{"name":"(anonymous_11)","line":139,"loc":{"start":{"line":139,"column":25},"end":{"line":139,"column":39}}}},"statementMap":{"1":{"start":{"line":1,"column":0},"end":{"line":150,"column":14}},"2":{"start":{"line":2,"column":2},"end":{"line":2,"column":207}},"3":{"start":{"line":4,"column":2},"end":{"line":4,"column":39}},"4":{"start":{"line":6,"column":2},"end":{"line":6,"column":34}},"5":{"start":{"line":8,"column":2},"end":{"line":8,"column":167}},"6":{"start":{"line":10,"column":2},"end":{"line":10,"column":52}},"7":{"start":{"line":12,"column":2},"end":{"line":12,"column":100}},"8":{"start":{"line":14,"column":2},"end":{"line":14,"column":55}},"9":{"start":{"line":16,"column":2},"end":{"line":16,"column":27}},"10":{"start":{"line":18,"column":2},"end":{"line":18,"column":25}},"11":{"start":{"line":20,"column":2},"end":{"line":20,"column":29}},"12":{"start":{"line":22,"column":2},"end":{"line":22,"column":36}},"13":{"start":{"line":24,"column":2},"end":{"line":24,"column":24}},"14":{"start":{"line":26,"column":2},"end":{"line":26,"column":27}},"15":{"start":{"line":28,"column":2},"end":{"line":34,"column":4}},"16":{"start":{"line":36,"column":2},"end":{"line":146,"column":4}},"17":{"start":{"line":37,"column":4},"end":{"line":37,"column":26}},"18":{"start":{"line":38,"column":4},"end":{"line":70,"column":6}},"19":{"start":{"line":39,"column":6},"end":{"line":39,"column":21}},"20":{"start":{"line":40,"column":6},"end":{"line":40,"column":38}},"21":{"start":{"line":41,"column":6},"end":{"line":43,"column":7}},"22":{"start":{"line":42,"column":8},"end":{"line":42,"column":15}},"23":{"start":{"line":44,"column":6},"end":{"line":69,"column":9}},"24":{"start":{"line":45,"column":8},"end":{"line":45,"column":90}},"25":{"start":{"line":46,"column":8},"end":{"line":46,"column":37}},"26":{"start":{"line":47,"column":8},"end":{"line":49,"column":9}},"27":{"start":{"line":48,"column":10},"end":{"line":48,"column":17}},"28":{"start":{"line":50,"column":8},"end":{"line":50,"column":45}},"29":{"start":{"line":51,"column":8},"end":{"line":53,"column":9}},"30":{"start":{"line":52,"column":10},"end":{"line":52,"column":17}},"31":{"start":{"line":54,"column":8},"end":{"line":54,"column":50}},"32":{"start":{"line":55,"column":8},"end":{"line":66,"column":9}},"33":{"start":{"line":56,"column":10},"end":{"line":56,"column":37}},"34":{"start":{"line":57,"column":10},"end":{"line":57,"column":33}},"35":{"start":{"line":58,"column":10},"end":{"line":64,"column":11}},"36":{"start":{"line":59,"column":12},"end":{"line":59,"column":30}},"37":{"start":{"line":60,"column":12},"end":{"line":63,"column":13}},"38":{"start":{"line":61,"column":14},"end":{"line":61,"column":55}},"39":{"start":{"line":62,"column":14},"end":{"line":62,"column":56}},"40":{"start":{"line":65,"column":10},"end":{"line":65,"column":75}},"41":{"start":{"line":67,"column":8},"end":{"line":67,"column":49}},"42":{"start":{"line":68,"column":8},"end":{"line":68,"column":55}},"43":{"start":{"line":71,"column":4},"end":{"line":134,"column":7}},"44":{"start":{"line":72,"column":6},"end":{"line":72,"column":77}},"45":{"start":{"line":73,"column":6},"end":{"line":81,"column":9}},"46":{"start":{"line":82,"column":6},"end":{"line":82,"column":20}},"47":{"start":{"line":83,"column":6},"end":{"line":83,"column":21}},"48":{"start":{"line":84,"column":6},"end":{"line":84,"column":23}},"49":{"start":{"line":85,"column":6},"end":{"line":85,"column":19}},"50":{"start":{"line":86,"column":6},"end":{"line":113,"column":9}},"51":{"start":{"line":87,"column":8},"end":{"line":87,"column":21}},"52":{"start":{"line":88,"column":8},"end":{"line":88,"column":54}},"53":{"start":{"line":89,"column":8},"end":{"line":89,"column":20}},"54":{"start":{"line":90,"column":8},"end":{"line":94,"column":9}},"55":{"start":{"line":91,"column":10},"end":{"line":91,"column":56}},"56":{"start":{"line":93,"column":10},"end":{"line":93,"column":62}},"57":{"start":{"line":95,"column":8},"end":{"line":112,"column":11}},"58":{"start":{"line":96,"column":10},"end":{"line":96,"column":54}},"59":{"start":{"line":97,"column":10},"end":{"line":101,"column":11}},"60":{"start":{"line":98,"column":12},"end":{"line":98,"column":25}},"61":{"start":{"line":99,"column":12},"end":{"line":99,"column":43}},"62":{"start":{"line":100,"column":12},"end":{"line":100,"column":30}},"63":{"start":{"line":102,"column":10},"end":{"line":102,"column":34}},"64":{"start":{"line":103,"column":10},"end":{"line":103,"column":35}},"65":{"start":{"line":104,"column":10},"end":{"line":110,"column":11}},"66":{"start":{"line":105,"column":12},"end":{"line":105,"column":39}},"67":{"start":{"line":106,"column":12},"end":{"line":106,"column":70}},"68":{"start":{"line":107,"column":12},"end":{"line":107,"column":66}},"69":{"start":{"line":108,"column":12},"end":{"line":108,"column":48}},"70":{"start":{"line":109,"column":12},"end":{"line":109,"column":52}},"71":{"start":{"line":111,"column":10},"end":{"line":111,"column":28}},"72":{"start":{"line":114,"column":6},"end":{"line":116,"column":9}},"73":{"start":{"line":115,"column":8},"end":{"line":115,"column":32}},"74":{"start":{"line":117,"column":6},"end":{"line":117,"column":26}},"75":{"start":{"line":118,"column":6},"end":{"line":130,"column":8}},"76":{"start":{"line":119,"column":8},"end":{"line":119,"column":28}},"77":{"start":{"line":120,"column":8},"end":{"line":120,"column":44}},"78":{"start":{"line":121,"column":8},"end":{"line":121,"column":52}},"79":{"start":{"line":122,"column":8},"end":{"line":129,"column":9}},"80":{"start":{"line":123,"column":10},"end":{"line":123,"column":106}},"81":{"start":{"line":124,"column":10},"end":{"line":124,"column":24}},"82":{"start":{"line":126,"column":10},"end":{"line":126,"column":30}},"83":{"start":{"line":127,"column":10},"end":{"line":127,"column":361}},"84":{"start":{"line":128,"column":10},"end":{"line":128,"column":140}},"85":{"start":{"line":131,"column":6},"end":{"line":133,"column":7}},"86":{"start":{"line":132,"column":8},"end":{"line":132,"column":22}},"87":{"start":{"line":135,"column":4},"end":{"line":145,"column":7}},"88":{"start":{"line":136,"column":6},"end":{"line":136,"column":22}},"89":{"start":{"line":137,"column":6},"end":{"line":137,"column":26}},"90":{"start":{"line":138,"column":6},"end":{"line":138,"column":30}},"91":{"start":{"line":139,"column":6},"end":{"line":144,"column":9}},"92":{"start":{"line":140,"column":8},"end":{"line":142,"column":9}},"93":{"start":{"line":141,"column":10},"end":{"line":141,"column":39}},"94":{"start":{"line":143,"column":8},"end":{"line":143,"column":22}},"95":{"start":{"line":148,"column":2},"end":{"line":148,"column":35}}},"branchMap":{"1":{"line":41,"type":"if","locations":[{"start":{"line":41,"column":6},"end":{"line":41,"column":6}},{"start":{"line":41,"column":6},"end":{"line":41,"column":6}}]},"2":{"line":47,"type":"if","locations":[{"start":{"line":47,"column":8},"end":{"line":47,"column":8}},{"start":{"line":47,"column":8},"end":{"line":47,"column":8}}]},"3":{"line":47,"type":"binary-expr","locations":[{"start":{"line":47,"column":14},"end":{"line":47,"column":16}},{"start":{"line":47,"column":20},"end":{"line":47,"column":24}}]},"4":{"line":51,"type":"if","locations":[{"start":{"line":51,"column":8},"end":{"line":51,"column":8}},{"start":{"line":51,"column":8},"end":{"line":51,"column":8}}]},"5":{"line":60,"type":"if","locations":[{"start":{"line":60,"column":12},"end":{"line":60,"column":12}},{"start":{"line":60,"column":12},"end":{"line":60,"column":12}}]},"6":{"line":90,"type":"if","locations":[{"start":{"line":90,"column":8},"end":{"line":90,"column":8}},{"start":{"line":90,"column":8},"end":{"line":90,"column":8}}]},"7":{"line":97,"type":"if","locations":[{"start":{"line":97,"column":10},"end":{"line":97,"column":10}},{"start":{"line":97,"column":10},"end":{"line":97,"column":10}}]},"8":{"line":102,"type":"binary-expr","locations":[{"start":{"line":102,"column":10},"end":{"line":102,"column":16}},{"start":{"line":102,"column":21},"end":{"line":102,"column":32}}]},"9":{"line":104,"type":"if","locations":[{"start":{"line":104,"column":10},"end":{"line":104,"column":10}},{"start":{"line":104,"column":10},"end":{"line":104,"column":10}}]},"10":{"line":122,"type":"if","locations":[{"start":{"line":122,"column":8},"end":{"line":122,"column":8}},{"start":{"line":122,"column":8},"end":{"line":122,"column":8}}]},"11":{"line":128,"type":"binary-expr","locations":[{"start":{"line":128,"column":23},"end":{"line":128,"column":43}},{"start":{"line":128,"column":47},"end":{"line":128,"column":63}},{"start":{"line":128,"column":69},"end":{"line":128,"column":91}},{"start":{"line":128,"column":95},"end":{"line":128,"column":113}},{"start":{"line":128,"column":117},"end":{"line":128,"column":137}}]},"12":{"line":131,"type":"if","locations":[{"start":{"line":131,"column":6},"end":{"line":131,"column":6}},{"start":{"line":131,"column":6},"end":{"line":131,"column":6}}]},"13":{"line":131,"type":"binary-expr","locations":[{"start":{"line":131,"column":11},"end":{"line":131,"column":32}},{"start":{"line":131,"column":37},"end":{"line":131,"column":63}}]},"14":{"line":140,"type":"if","locations":[{"start":{"line":140,"column":8},"end":{"line":140,"column":8}},{"start":{"line":140,"column":8},"end":{"line":140,"column":8}}]}},"code":["(function() {","  var CSSLint, LessCachedFile, LessFile, LintCache, LintErrorOutput, Parser, _, async, chalk, crypto, defaultLessOptions, findLessMapping, findPropertyLineNumber, getPropertyName, path, ref, ref1, stripPath;","","  CSSLint = require('csslint').CSSLint;","","  Parser = require('less').Parser;","","  ref = require('./lib/lint-utils'), findLessMapping = ref.findLessMapping, findPropertyLineNumber = ref.findPropertyLineNumber, getPropertyName = ref.getPropertyName;","","  LintCache = require('./lib/lint-cache').LintCache;","","  ref1 = require('./lib/less-file'), LessFile = ref1.LessFile, LessCachedFile = ref1.LessCachedFile;","","  LintErrorOutput = require('./lib/lint-error-output');","","  async = require('async');","","  path = require('path');","","  crypto = require('crypto');","","  stripPath = require('strip-path');","","  _ = require('lodash');","","  chalk = require('chalk');","","  defaultLessOptions = {","    cleancss: false,","    compress: false,","    dumpLineNumbers: 'comments',","    optimization: null,","    syncImport: true","  };","","  module.exports = function(grunt) {","    var writeToFormatters;","    writeToFormatters = function(options, results) {","      var formatters;","      formatters = options.formatters;","      if (!_.isArray(formatters)) {","        return;","      }","      return formatters.forEach(function(arg) {","        var dest, filePath, formatter, formatterOutput, i, id, len, message, ref2, result;","        id = arg.id, dest = arg.dest;","        if (!(id && dest)) {","          return;","        }","        formatter = CSSLint.getFormatter(id);","        if (formatter == null) {","          return;","        }","        formatterOutput = formatter.startFormat();","        for (filePath in results) {","          result = results[filePath];","          ref2 = result.messages;","          for (i = 0, len = ref2.length; i < len; i++) {","            message = ref2[i];","            if (message.lessLine) {","              message.line = message.lessLine.line - 1;","              message.col = message.lessLine.column - 1;","            }","          }","          formatterOutput += formatter.formatResults(result, filePath, {});","        }","        formatterOutput += formatter.endFormat();","        return grunt.file.write(dest, formatterOutput);","      });","    };","    grunt.registerMultiTask('lesslint', 'Validate LESS files with CSS Lint', function() {","      var done, errorCount, fileCount, options, queue, results, warningCount;","      options = this.options({","        less: grunt.config.get('less.options'),","        csslint: grunt.config.get('csslint.options'),","        imports: void 0,","        customRules: void 0,","        cache: false,","        failOnError: true,","        failOnWarning: true","      });","      fileCount = 0;","      errorCount = 0;","      warningCount = 0;","      results = {};","      queue = async.queue(function(file, callback) {","        var lessFile;","        grunt.verbose.write(\"Linting '\" + file + \"'\");","        fileCount++;","        if (!options.cache) {","          lessFile = new LessFile(file, options, grunt);","        } else {","          lessFile = new LessCachedFile(file, options, grunt);","        }","        return lessFile.lint(function(err, result) {","          var errorOutput, fileLintIssues, lintResult;","          if (err != null) {","            errorCount++;","            grunt.log.writeln(err.message);","            return callback();","          }","          result || (result = {});","          lintResult = result.lint;","          if (lintResult) {","            results[file] = lintResult;","            errorOutput = new LintErrorOutput(result, options, grunt);","            fileLintIssues = errorOutput.display(options.imports);","            errorCount += fileLintIssues.errors;","            warningCount += fileLintIssues.warnings;","          }","          return callback();","        });","      });","      this.filesSrc.forEach(function(file) {","        return queue.push(file);","      });","      done = this.async();","      queue.drain = function() {","        var totalIssueCount;","        writeToFormatters(options, results);","        totalIssueCount = warningCount + errorCount;","        if (totalIssueCount === 0) {","          grunt.log.ok(fileCount + \" \" + (grunt.util.pluralize(fileCount, 'file/files')) + \" lint free.\");","          return done();","        } else {","          grunt.log.writeln();","          grunt.log.error(totalIssueCount + \" lint \" + (grunt.util.pluralize(totalIssueCount, 'issue/issues')) + \" in \" + fileCount + \" \" + (grunt.util.pluralize(fileCount, 'file/files')) + \" (\" + errorCount + \" \" + (grunt.util.pluralize(errorCount, 'error/errors')) + \", \" + warningCount + \" \" + (grunt.util.pluralize(warningCount, 'warning/warnings')) + \")\");","          return done((!options.failOnError || errorCount === 0) && (!options.failOnWarning || warningCount === 0 || !options.failOnError));","        }","      };","      if ((this.filesSrc == null) || this.filesSrc.length === 0) {","        return done();","      }","    });","    return grunt.registerTask('lesslint:clearCache', function() {","      var cache, done;","      done = this.async();","      cache = new LintCache();","      return cache.clear(function(err) {","        if (err) {","          grunt.log.error(err.message);","        }","        return done();","      });","    });","  };","","  module.exports.CSSLint = CSSLint;","","}).call(this);",""],"l":{"1":1,"2":1,"4":1,"6":1,"8":1,"10":1,"12":1,"14":1,"16":1,"18":1,"20":1,"22":1,"24":1,"26":1,"28":1,"36":1,"37":0,"38":0,"39":0,"40":0,"41":0,"42":0,"44":0,"45":0,"46":0,"47":0,"48":0,"50":0,"51":0,"52":0,"54":0,"55":0,"56":0,"57":0,"58":0,"59":0,"60":0,"61":0,"62":0,"65":0,"67":0,"68":0,"71":0,"72":0,"73":0,"82":0,"83":0,"84":0,"85":0,"86":0,"87":0,"88":0,"89":0,"90":0,"91":0,"93":0,"95":0,"96":0,"97":0,"98":0,"99":0,"100":0,"102":0,"103":0,"104":0,"105":0,"106":0,"107":0,"108":0,"109":0,"111":0,"114":0,"115":0,"117":0,"118":0,"119":0,"120":0,"121":0,"122":0,"123":0,"124":0,"126":0,"127":0,"128":0,"131":0,"132":0,"135":0,"136":0,"137":0,"138":0,"139":0,"140":0,"141":0,"143":0,"148":1}},"/home/travis/build/npmtest/node-npmtest-grunt-lesslint/node_modules/grunt-lesslint/tasks/lib/lint-utils.js":{"path":"/home/travis/build/npmtest/node-npmtest-grunt-lesslint/node_modules/grunt-lesslint/tasks/lib/lint-utils.js","s":{"1":1,"2":1,"3":1,"4":1,"5":0,"6":0,"7":0,"8":0,"9":0,"10":0,"11":0,"12":0,"13":0,"14":0,"15":0,"16":0,"17":0,"18":0,"19":1,"20":0,"21":0,"22":0,"23":0,"24":0,"25":0,"26":0,"27":0,"28":0,"29":0,"30":0,"31":0,"32":0,"33":0,"34":0,"35":0,"36":0,"37":0,"38":1,"39":0,"40":0,"41":0,"42":0,"43":0,"44":0,"45":0,"46":0,"47":0,"48":0,"49":0,"50":0,"51":0,"52":0,"53":0,"54":0,"55":0,"56":0,"57":1},"b":{"1":[0,0],"2":[0,0],"3":[0,0],"4":[0,0],"5":[0,0],"6":[0,0],"7":[0,0],"8":[0,0],"9":[0,0],"10":[0,0],"11":[0,0],"12":[0,0],"13":[0,0],"14":[0,0],"15":[0,0]},"f":{"1":1,"2":0,"3":0,"4":0},"fnMap":{"1":{"name":"(anonymous_1)","line":1,"loc":{"start":{"line":1,"column":1},"end":{"line":1,"column":12}}},"2":{"name":"(anonymous_2)","line":6,"loc":{"start":{"line":6,"column":20},"end":{"line":6,"column":35}}},"3":{"name":"(anonymous_3)","line":28,"loc":{"start":{"line":28,"column":20},"end":{"line":28,"column":46}}},"4":{"name":"(anonymous_4)","line":61,"loc":{"start":{"line":61,"column":27},"end":{"line":61,"column":72}}}},"statementMap":{"1":{"start":{"line":1,"column":0},"end":{"line":96,"column":14}},"2":{"start":{"line":2,"column":2},"end":{"line":2,"column":66}},"3":{"start":{"line":4,"column":2},"end":{"line":4,"column":24}},"4":{"start":{"line":6,"column":2},"end":{"line":26,"column":4}},"5":{"start":{"line":7,"column":4},"end":{"line":7,"column":35}},"6":{"start":{"line":8,"column":4},"end":{"line":10,"column":5}},"7":{"start":{"line":9,"column":6},"end":{"line":9,"column":16}},"8":{"start":{"line":11,"column":4},"end":{"line":11,"column":23}},"9":{"start":{"line":12,"column":4},"end":{"line":14,"column":5}},"10":{"start":{"line":13,"column":6},"end":{"line":13,"column":18}},"11":{"start":{"line":15,"column":4},"end":{"line":15,"column":30}},"12":{"start":{"line":16,"column":4},"end":{"line":25,"column":5}},"13":{"start":{"line":17,"column":6},"end":{"line":17,"column":46}},"14":{"start":{"line":18,"column":6},"end":{"line":18,"column":40}},"15":{"start":{"line":19,"column":6},"end":{"line":21,"column":7}},"16":{"start":{"line":20,"column":8},"end":{"line":20,"column":64}},"17":{"start":{"line":22,"column":6},"end":{"line":22,"column":26}},"18":{"start":{"line":24,"column":6},"end":{"line":24,"column":18}},"19":{"start":{"line":28,"column":2},"end":{"line":59,"column":4}},"20":{"start":{"line":29,"column":4},"end":{"line":29,"column":60}},"21":{"start":{"line":30,"column":4},"end":{"line":32,"column":5}},"22":{"start":{"line":31,"column":6},"end":{"line":31,"column":15}},"23":{"start":{"line":33,"column":4},"end":{"line":35,"column":5}},"24":{"start":{"line":34,"column":6},"end":{"line":34,"column":21}},"25":{"start":{"line":36,"column":4},"end":{"line":40,"column":5}},"26":{"start":{"line":37,"column":6},"end":{"line":37,"column":30}},"27":{"start":{"line":39,"column":6},"end":{"line":39,"column":18}},"28":{"start":{"line":41,"column":4},"end":{"line":41,"column":69}},"29":{"start":{"line":42,"column":4},"end":{"line":42,"column":29}},"30":{"start":{"line":43,"column":4},"end":{"line":43,"column":24}},"31":{"start":{"line":44,"column":4},"end":{"line":54,"column":5}},"32":{"start":{"line":45,"column":6},"end":{"line":52,"column":7}},"33":{"start":{"line":46,"column":8},"end":{"line":46,"column":44}},"34":{"start":{"line":47,"column":8},"end":{"line":47,"column":28}},"35":{"start":{"line":48,"column":8},"end":{"line":51,"column":10}},"36":{"start":{"line":53,"column":6},"end":{"line":53,"column":20}},"37":{"start":{"line":55,"column":4},"end":{"line":58,"column":6}},"38":{"start":{"line":61,"column":2},"end":{"line":88,"column":4}},"39":{"start":{"line":62,"column":4},"end":{"line":62,"column":14}},"40":{"start":{"line":63,"column":4},"end":{"line":65,"column":5}},"41":{"start":{"line":64,"column":6},"end":{"line":64,"column":20}},"42":{"start":{"line":66,"column":4},"end":{"line":68,"column":5}},"43":{"start":{"line":67,"column":6},"end":{"line":67,"column":21}},"44":{"start":{"line":69,"column":4},"end":{"line":71,"column":5}},"45":{"start":{"line":70,"column":6},"end":{"line":70,"column":24}},"46":{"start":{"line":72,"column":4},"end":{"line":74,"column":5}},"47":{"start":{"line":73,"column":6},"end":{"line":73,"column":16}},"48":{"start":{"line":75,"column":4},"end":{"line":79,"column":5}},"49":{"start":{"line":76,"column":6},"end":{"line":76,"column":35}},"50":{"start":{"line":78,"column":6},"end":{"line":78,"column":23}},"51":{"start":{"line":80,"column":4},"end":{"line":80,"column":69}},"52":{"start":{"line":81,"column":4},"end":{"line":86,"column":5}},"53":{"start":{"line":82,"column":6},"end":{"line":84,"column":7}},"54":{"start":{"line":83,"column":8},"end":{"line":83,"column":26}},"55":{"start":{"line":85,"column":6},"end":{"line":85,"column":19}},"56":{"start":{"line":87,"column":4},"end":{"line":87,"column":14}},"57":{"start":{"line":90,"column":2},"end":{"line":94,"column":4}}},"branchMap":{"1":{"line":8,"type":"if","locations":[{"start":{"line":8,"column":4},"end":{"line":8,"column":4}},{"start":{"line":8,"column":4},"end":{"line":8,"column":4}}]},"2":{"line":12,"type":"if","locations":[{"start":{"line":12,"column":4},"end":{"line":12,"column":4}},{"start":{"line":12,"column":4},"end":{"line":12,"column":4}}]},"3":{"line":16,"type":"if","locations":[{"start":{"line":16,"column":4},"end":{"line":16,"column":4}},{"start":{"line":16,"column":4},"end":{"line":16,"column":4}}]},"4":{"line":19,"type":"if","locations":[{"start":{"line":19,"column":6},"end":{"line":19,"column":6}},{"start":{"line":19,"column":6},"end":{"line":19,"column":6}}]},"5":{"line":30,"type":"if","locations":[{"start":{"line":30,"column":4},"end":{"line":30,"column":4}},{"start":{"line":30,"column":4},"end":{"line":30,"column":4}}]},"6":{"line":33,"type":"if","locations":[{"start":{"line":33,"column":4},"end":{"line":33,"column":4}},{"start":{"line":33,"column":4},"end":{"line":33,"column":4}}]},"7":{"line":36,"type":"if","locations":[{"start":{"line":36,"column":4},"end":{"line":36,"column":4}},{"start":{"line":36,"column":4},"end":{"line":36,"column":4}}]},"8":{"line":45,"type":"if","locations":[{"start":{"line":45,"column":6},"end":{"line":45,"column":6}},{"start":{"line":45,"column":6},"end":{"line":45,"column":6}}]},"9":{"line":63,"type":"if","locations":[{"start":{"line":63,"column":4},"end":{"line":63,"column":4}},{"start":{"line":63,"column":4},"end":{"line":63,"column":4}}]},"10":{"line":66,"type":"if","locations":[{"start":{"line":66,"column":4},"end":{"line":66,"column":4}},{"start":{"line":66,"column":4},"end":{"line":66,"column":4}}]},"11":{"line":69,"type":"if","locations":[{"start":{"line":69,"column":4},"end":{"line":69,"column":4}},{"start":{"line":69,"column":4},"end":{"line":69,"column":4}}]},"12":{"line":72,"type":"if","locations":[{"start":{"line":72,"column":4},"end":{"line":72,"column":4}},{"start":{"line":72,"column":4},"end":{"line":72,"column":4}}]},"13":{"line":72,"type":"binary-expr","locations":[{"start":{"line":72,"column":10},"end":{"line":72,"column":18}},{"start":{"line":72,"column":22},"end":{"line":72,"column":34}}]},"14":{"line":75,"type":"if","locations":[{"start":{"line":75,"column":4},"end":{"line":75,"column":4}},{"start":{"line":75,"column":4},"end":{"line":75,"column":4}}]},"15":{"line":82,"type":"if","locations":[{"start":{"line":82,"column":6},"end":{"line":82,"column":6}},{"start":{"line":82,"column":6},"end":{"line":82,"column":6}}]}},"code":["(function() {","  var _, findLessMapping, findPropertyLineNumber, getPropertyName;","","  _ = require('lodash');","","  getPropertyName = function(line) {","    var colon, curly, propertyName;","    if (line == null) {","      line = '';","    }","    line = line.trim();","    if (line.slice(0, 2) === '/*') {","      return null;","    }","    colon = line.indexOf(':');","    if (colon > 0) {","      propertyName = line.substring(0, colon);","      curly = propertyName.indexOf('{');","      if (curly !== -1) {","        propertyName = propertyName.substring(curly + 1).trim();","      }","      return propertyName;","    } else {","      return null;","    }","  };","","  findLessMapping = function(css, lineNumber) {","    var commentLine, filePath, lessLineNumber, lines, match;","    if (css == null) {","      css = '';","    }","    if (lineNumber == null) {","      lineNumber = 0;","    }","    if (_.isString(css)) {","      lines = css.split('\\n');","    } else {","      lines = css;","    }","    lineNumber = Math.max(0, Math.min(lineNumber, lines.length - 1));","    commentLine = lineNumber;","    lessLineNumber = -1;","    while (commentLine >= 0) {","      if (match = /^\\s*\\/\\* line (\\d+), (.+) \\*\\/\\s*$/.exec(lines[commentLine])) {","        lineNumber = parseInt(match[1]) - 1;","        filePath = match[2];","        return {","          lineNumber: lineNumber,","          filePath: filePath","        };","      }","      commentLine--;","    }","    return {","      lineNumber: -1,","      filePath: null","    };","  };","","  findPropertyLineNumber = function(contents, lineNumber, propertyName) {","    var lines;","    if (contents == null) {","      contents = '';","    }","    if (lineNumber == null) {","      lineNumber = 0;","    }","    if (propertyName == null) {","      propertyName = '';","    }","    if (!(contents && propertyName)) {","      return -1;","    }","    if (_.isString(contents)) {","      lines = contents.split('\\n');","    } else {","      lines = contents;","    }","    lineNumber = Math.max(0, Math.min(lineNumber, lines.length - 1));","    while (lineNumber < lines.length) {","      if (propertyName === getPropertyName(lines[lineNumber])) {","        return lineNumber;","      }","      lineNumber++;","    }","    return -1;","  };","","  module.exports = {","    getPropertyName: getPropertyName,","    findLessMapping: findLessMapping,","    findPropertyLineNumber: findPropertyLineNumber","  };","","}).call(this);",""],"l":{"1":1,"2":1,"4":1,"6":1,"7":0,"8":0,"9":0,"11":0,"12":0,"13":0,"15":0,"16":0,"17":0,"18":0,"19":0,"20":0,"22":0,"24":0,"28":1,"29":0,"30":0,"31":0,"33":0,"34":0,"36":0,"37":0,"39":0,"41":0,"42":0,"43":0,"44":0,"45":0,"46":0,"47":0,"48":0,"53":0,"55":0,"61":1,"62":0,"63":0,"64":0,"66":0,"67":0,"69":0,"70":0,"72":0,"73":0,"75":0,"76":0,"78":0,"80":0,"81":0,"82":0,"83":0,"85":0,"87":0,"90":1}},"/home/travis/build/npmtest/node-npmtest-grunt-lesslint/node_modules/grunt-lesslint/tasks/lib/lint-cache.js":{"path":"/home/travis/build/npmtest/node-npmtest-grunt-lesslint/node_modules/grunt-lesslint/tasks/lib/lint-cache.js","s":{"1":1,"2":1,"3":1,"4":0,"5":0,"6":1,"7":1,"8":1,"9":1,"10":1,"11":1,"12":1,"13":1,"14":1,"15":1,"16":1,"17":1,"18":1,"19":1,"20":1,"21":0,"22":0,"23":0,"24":0,"25":1,"26":0,"27":1,"28":0,"29":1,"30":0,"31":1,"32":0,"33":1,"34":1},"b":{"1":[0,0],"2":[0,0]},"f":{"1":1,"2":1,"3":1,"4":1,"5":0,"6":0,"7":0,"8":0,"9":0},"fnMap":{"1":{"name":"(anonymous_1)","line":1,"loc":{"start":{"line":1,"column":1},"end":{"line":1,"column":12}}},"2":{"name":"(anonymous_2)","line":3,"loc":{"start":{"line":3,"column":13},"end":{"line":3,"column":37}}},"3":{"name":"ctor","line":3,"loc":{"start":{"line":3,"column":124},"end":{"line":3,"column":140}}},"4":{"name":"(anonymous_4)","line":16,"loc":{"start":{"line":16,"column":15},"end":{"line":16,"column":36}}},"5":{"name":"LintCache","line":21,"loc":{"start":{"line":21,"column":4},"end":{"line":21,"column":29}}},"6":{"name":"(anonymous_6)","line":29,"loc":{"start":{"line":29,"column":32},"end":{"line":29,"column":47}}},"7":{"name":"(anonymous_7)","line":33,"loc":{"start":{"line":33,"column":36},"end":{"line":33,"column":57}}},"8":{"name":"(anonymous_8)","line":37,"loc":{"start":{"line":37,"column":36},"end":{"line":37,"column":57}}},"9":{"name":"(anonymous_9)","line":41,"loc":{"start":{"line":41,"column":36},"end":{"lin
[...]
:84,"column":6}},"53":{"start":{"line":79,"column":6},"end":{"line":79,"column":26}},"54":{"start":{"line":80,"column":6},"end":{"line":80,"column":48}},"55":{"start":{"line":81,"column":6},"end":{"line":83,"column":17}},"56":{"start":{"line":82,"column":8},"end":{"line":82,"column":95}},"57":{"start":{"line":86,"column":4},"end":{"line":86,"column":22}}},"branchMap":{"1":{"line":3,"type":"binary-expr","locations":[{"start":{"line":3,"column":14},"end":{"line":3,"column":24}},{"start":{"line":3,"column":28},"end":{"line":3,"column":151}}]},"2":{"line":3,"type":"if","locations":[{"start":{"line":3,"column":92},"end":{"line":3,"column":92}},{"start":{"line":3,"column":92},"end":{"line":3,"column":92}}]},"3":{"line":3,"type":"binary-expr","locations":[{"start":{"line":3,"column":96},"end":{"line":3,"column":105}},{"start":{"line":3,"column":109},"end":{"line":3,"column":125}}]},"4":{"line":19,"type":"if","locations":[{"start":{"line":19,"column":6},"end":{"line":19,"column":6}},{"start":{"line":19,"column":6},"end":{"line":19,"column":6}}]},"5":{"line":46,"type":"if","locations":[{"start":{"line":46,"column":6},"end":{"line":46,"column":6}},{"start":{"line":46,"column":6},"end":{"line":46,"column":6}}]},"6":{"line":58,"type":"if","locations":[{"start":{"line":58,"column":6},"end":{"line":58,"column":6}},{"start":{"line":58,"column":6},"end":{"line":58,"column":6}}]},"7":{"line":82,"type":"binary-expr","locations":[{"start":{"line":82,"column":15},"end":{"line":82,"column":51}},{"start":{"line":82,"column":55},"end":{"line":82,"column":94}}]}},"code":["(function() {","  var CSSLint, RuleLoader, RuleLoaderFactory, _, path,","    indexOf = [].indexOf || function(item) { for (var i = 0, l = this.length; i < l; i++) { if (i in this && this[i] === item) return i; } return -1; };","","  CSSLint = require('csslint').CSSLint;","","  path = require('path');","","  _ = require('lodash');","","  module.exports = RuleLoaderFactory = (function() {","    var instance;","","    function RuleLoaderFactory() {}","","    instance = null;","","    RuleLoaderFactory.getRuleLoader = function(grunt) {","      if (!instance) {","        instance = new RuleLoader(grunt, require);","      }","      return instance;","    };","","    return RuleLoaderFactory;","","  })();","","  module.exports.RuleLoader = RuleLoader = (function() {","    function RuleLoader(grunt1, require1) {","      this.grunt = grunt1;","      this.require = require1;","      this.rulesPerFile = {};","    }","","    RuleLoader.prototype.configureRules = function(options) {","      var enabledRules;","      enabledRules = this.enableConfiguredRuleFiles(options);","      return this.getDisabledRules(enabledRules, options);","    };","","    RuleLoader.prototype.enableConfiguredRuleFiles = function(options) {","      var customRules, enabledRules, id, ruleFile, ruleFiles;","      enabledRules = [];","      customRules = options.customRules;","      if (customRules != null) {","        ruleFiles = this.grunt.file.expand(customRules);","        for (id in ruleFiles) {","          ruleFile = ruleFiles[id];","          enabledRules = _.union(enabledRules, this.enableRuleFile(ruleFile));","        }","      }","      return enabledRules;","    };","","    RuleLoader.prototype.enableRuleFile = function(ruleFile) {","      var newRules, rulesBefore;","      if (!(ruleFile in this.rulesPerFile)) {","        this.grunt.verbose.writeln('Loading custom rules from ' + ruleFile.cyan);","        rulesBefore = this.getCurrentRuleNames();","        this.require(path.resolve(ruleFile));","        newRules = this.getNewRuleNames(rulesBefore);","        this.rulesPerFile[ruleFile] = newRules;","      } else {","        newRules = this.rulesPerFile[ruleFile];","      }","      return newRules;","    };","","    RuleLoader.prototype.getCurrentRuleNames = function() {","      return _.keys(CSSLint.getRuleset());","    };","","    RuleLoader.prototype.getNewRuleNames = function(previousRuleNames) {","      return _.difference(this.getCurrentRuleNames(), previousRuleNames);","    };","","    RuleLoader.prototype.getDisabledRules = function(enabledRules, options) {","      var configuredRules;","      configuredRules = _.keys(options.csslint);","      return _(this.rulesPerFile).values().flatten().filter(function(rule) {","        return indexOf.call(enabledRules, rule) < 0 && indexOf.call(configuredRules, rule) < 0;","      }).value();","    };","","    return RuleLoader;","","  })();","","}).call(this);",""],"l":{"1":1,"2":1,"3":0,"5":1,"7":1,"9":1,"11":1,"12":1,"14":1,"16":1,"18":1,"19":0,"20":0,"22":0,"25":1,"29":1,"30":1,"31":0,"32":0,"33":0,"36":1,"37":0,"38":0,"39":0,"42":1,"43":0,"44":0,"45":0,"46":0,"47":0,"48":0,"49":0,"50":0,"53":0,"56":1,"57":0,"58":0,"59":0,"60":0,"61":0,"62":0,"63":0,"65":0,"67":0,"70":1,"71":0,"74":1,"75":0,"78":1,"79":0,"80":0,"81":0,"82":0,"86":1}},"/home/travis/build/npmtest/node-npmtest-grunt-lesslint/node_modules/grunt-lesslint/tasks/lib/lint-error-output.js":{"path":"/home/travis/build/npmtest/node-npmtest-grunt-lesslint/node_modules/grunt-lesslint/tasks/lib/lint-error-output.js","s":{"1":1,"2":1,"3":1,"4":1,"5":1,"6":1,"7":1,"8":1,"9":1,"10":0,"11":0,"12":0,"13":1,"14":0,"15":0,"16":0,"17":0,"18":0,"19":0,"20":0,"21":0,"22":0,"23":0,"24":0,"25":0,"26":0,"27":0,"28":0,"29":0,"30":0,"31":0,"32":0,"33":0,"34":0,"35":0,"36":0,"37":0,"38":0,"39":0,"40":0,"41":0,"42":0,"43":0,"44":0,"45":0,"46":0,"47":0,"48":0,"49":0,"50":0,"51":0,"52":0,"53":0,"54":0,"55":0,"56":0,"57":0,"58":0,"59":0,"60":0,"61":0,"62":0,"63":0,"64":0,"65":0,"66":0,"67":0,"68":0,"69":0,"70":0,"71":0,"72":0,"73":0,"74":0,"75":1,"76":1},"b":{"1":[0,0],"2":[0,0],"3":[0,0],"4":[0,0],"5":[0,0],"6":[0,0],"7":[0,0],"8":[0,0],"9":[0,0],"10":[0,0],"11":[0,0],"12":[0,0],"13":[0,0],"14":[0,0],"15":[0,0],"16":[0,0],"17":[0,0,0]},"f":{"1":1,"2":1,"3":0,"4":0,"5":0,"6":0,"7":0},"fnMap":{"1":{"name":"(anonymous_1)","line":1,"loc":{"start":{"line":1,"column":1},"end":{"line":1,"column":12}}},"2":{"name":"(anonymous_2)","line":14,"loc":{"start":{"line":14,"column":21},"end":{"line":14,"column":32}}},"3":{"name":"LintErrorOutput","line":15,"loc":{"start":{"line":15,"column":4},"end":{"line":15,"column":53}}},"4":{"name":"(anonymous_4)","line":21,"loc":{"start":{"line":21,"column":40},"end":{"line":21,"column":64}}},"5":{"name":"(anonymous_5)","line":34,"loc":{"start":{"line":34,"column":34},"end":{"line":34,"column":50}}},"6":{"name":"(anonymous_6)","line":35,"loc":{"start":{"line":35,"column":15},"end":{"line":35,"column":33}}},"7":{"name":"(anonymous_7)","line":59,"loc":{"start":{"line":59,"column":42},"end":{"line":59,"column":56}}}},"statementMap":{"1":{"start":{"line":1,"column":0},"end":{"line":122,"column":14}},"2":{"start":{"line":2,"column":2},"end":{"line":2,"column":68}},"3":{"start":{"line":4,"column":2},"end":{"line":4,"column":25}},"4":{"start":{"line":6,"column":2},"end":{"line":6,"column":62}},"5":{"start":{"line":8,"column":2},"end":{"line":8,"column":24}},"6":{"start":{"line":10,"column":2},"end":{"line":10,"column":27}},"7":{"start":{"line":12,"column":2},"end":{"line":12,"column":36}},"8":{"start":{"line":14,"column":2},"end":{"line":118,"column":7}},"9":{"start":{"line":15,"column":4},"end":{"line":19,"column":5}},"10":{"start":{"line":16,"column":6},"end":{"line":16,"column":27}},"11":{"start":{"line":17,"column":6},"end":{"line":17,"column":29}},"12":{"start":{"line":18,"column":6},"end":{"line":18,"column":25}},"13":{"start":{"line":21,"column":4},"end":{"line":114,"column":6}},"14":{"start":{"line":22,"column":6},"end":{"line":22,"column":218}},"15":{"start":{"line":23,"column":6},"end":{"line":23,"column":63}},"16":{"start":{"line":24,"column":6},"end":{"line":27,"column":8}},"17":{"start":{"line":28,"column":6},"end":{"line":28,"column":43}},"18":{"start":{"line":29,"column":6},"end":{"line":29,"column":30}},"19":{"start":{"line":30,"column":6},"end":{"line":30,"column":44}},"20":{"start":{"line":31,"column":6},"end":{"line":31,"column":48}},"21":{"start":{"line":32,"column":6},"end":{"line":32,"column":24}},"22":{"start":{"line":33,"column":6},"end":{"line":33,"column":21}},"23":{"start":{"line":34,"column":6},"end":{"line":54,"column":16}},"24":{"start":{"line":35,"column":8},"end":{"line":53,"column":10}},"25":{"start":{"line":36,"column":10},"end":{"line":36,"column":46}},"26":{"start":{"line":37,"column":10},"end":{"line":39,"column":11}},"27":{"start":{"line":38,"column":12},"end":{"line":38,"column":24}},"28":{"start":{"line":40,"column":10},"end":{"line":43,"column":20}},"29":{"start":{"line":44,"column":10},"end":{"line":46,"column":11}},"30":{"start":{"line":45,"column":12},"end":{"line":45,"column":25}},"31":{"start":{"line":47,"column":10},"end":{"line":49,"column":11}},"32":{"start":{"line":48,"column":12},"end":{"line":48,"column":42}},"33":{"start":{"line":50,"column":10},"end":{"line":50,"column":39}},"34":{"start":{"line":51,"column":10},"end":{"line":51,"column":100}},"35":{"start":{"line":52,"column":10},"end":{"line":52,"column":84}},"36":{"start":{"line":55,"column":6},"end":{"line":57,"column":7}},"37":{"start":{"line":56,"column":8},"end":{"line":56,"column":27}},"38":{"start":{"line":58,"column":6},"end":{"line":58,"column":43}},"39":{"start":{"line":59,"column":6},"end":{"line":70,"column":9}},"40":{"start":{"line":60,"column":8},"end":{"line":60,"column":41}},"41":{"start":{"line":61,"column":8},"end":{"line":61,"column":64}},"42":{"start":{"line":62,"column":8},"end":{"line":62,"column":31}},"43":{"start":{"line":63,"column":8},"end":{"line":65,"column":9}},"44":{"start":{"line":64,"column":10},"end":{"line":64,"column":33}},"45":{"start":{"line":66,"column":8},"end":{"line":68,"column":9}},"46":{"start":{"line":67,"column":10},"end":{"line":67,"column":37}},"47":{"start":{"line":69,"column":8},"end":{"line":69,"column":23}},"48":{"start":{"line":71,"column":6},"end":{"line":71,"column":86}},"49":{"start":{"line":72,"column":6},"end":{"line":112,"column":7}},"50":{"start":{"line":73,"column":8},"end":{"line":73,"column":54}},"51":{"start":{"line":74,"column":8},"end":{"line":74,"column":36}},"52":{"start":{"line":75,"column":8},"end":{"line":75,"column":83}},"53":{"start":{"line":76,"column":8},"end":{"line":111,"column":9}},"54":{"start":{"line":77,"column":10},"end":{"line":77,"column":36}},"55":{"start":{"line":78,"column":10},"end":{"line":82,"column":11}},"56":{"start":{"line":79,"column":12},"end":{"line":79,"column":36}},"57":{"start":{"line":81,"column":12},"end":{"line":81,"column":38}},"58":{"start":{"line":83,"column":10},"end":{"line":85,"column":11}},"59":{"start":{"line":84,"column":12},"end":{"line":84,"column":21}},"60":{"start":{"line":86,"column":10},"end":{"line":89,"column":72}},"61":{"start":{"line":90,"column":10},"end":{"line":90,"column":39}},"62":{"start":{"line":91,"column":10},"end":{"line":94,"column":12}},"63":{"start":{"line":95,"column":10},"end":{"line":102,"column":11}},"64":{"start":{"line":96,"column":12},"end":{"line":100,"column":13}},"65":{"start":{"line":97,"column":14},"end":{"line":97,"column":42}},"66":{"start":{"line":99,"column":14},"end":{"line":99,"column":66}},"67":{"start":{"line":101,"column":12},"end":{"line":101,"column":65}},"68":{"start":{"line":103,"column":10},"end":{"line":103,"column":54}},"69":{"start":{"line":104,"column":10},"end":{"line":104,"column":65}},"70":{"start":{"line":105,"column":10},"end":{"line":105,"column":127}},"71":{"start":{"line":106,"column":10},"end":{"line":110,"column":11}},"72":{"start":{"line":107,"column":12},"end":{"line":107,"column":41}},"73":{"start":{"line":109,"column":12},"end":{"line":109,"column":51}},"74":{"start":{"line":113,"column":6},"end":{"line":113,"column":25}},"75":{"start":{"line":116,"column":4},"end":{"line":116,"column":27}},"76":{"start":{"line":120,"column":2},"end":{"line":120,"column":35}}},"branchMap":{"1":{"line":37,"type":"if","locations":[{"start":{"line":37,"column":10},"end":{"line":37,"column":10}},{"start":{"line":37,"column":10},"end":{"line":37,"column":10}}]},"2":{"line":37,"type":"binary-expr","locations":[{"start":{"line":37,"column":14},"end":{"line":37,"column":32}},{"start":{"line":37,"column":36},"end":{"line":37,"column":50}}]},"3":{"line":44,"type":"if","locations":[{"start":{"line":44,"column":10},"end":{"line":44,"column":10}},{"start":{"line":44,"column":10},"end":{"line":44,"column":10}}]},"4":{"line":47,"type":"if","locations":[{"start":{"line":47,"column":10},"end":{"line":47,"column":10}},{"start":{"line":47,"column":10},"end":{"line":47,"column":10}}]},"5":{"line":52,"type":"binary-expr","locations":[{"start":{"line":52,"column":17},"end":{"line":52,"column":27}},{"start":{"line":52,"column":31},"end":{"line":52,"column":83}}]},"6":{"line":55,"type":"if","locations":[{"start":{"line":55,"column":6},"end":{"line":55,"column":6}},{"start":{"line":55,"column":6},"end":{"line":55,"column":6}}]},"7":{"line":63,"type":"if","locations":[{"start":{"line":63,"column":8},"end":{"line":63,"column":8}},{"start":{"line":63,"column":8},"end":{"line":63,"column":8}}]},"8":{"line":63,"type":"binary-expr","locations":[{"start":{"line":63,"column":13},"end":{"line":63,"column":25}},{"start":{"line":63,"column":30},"end":{"line":63,"column":47}}]},"9":{"line":66,"type":"if","locations":[{"start":{"line":66,"column":8},"end":{"line":66,"column":8}},{"start":{"line":66,"column":8},"end":{"line":66,"column":8}}]},"10":{"line":66,"type":"binary-expr","locations":[{"start":{"line":66,"column":12},"end":{"line":66,"column":21}},{"start":{"line":66,"column":25},"end":{"line":66,"column":46}}]},"11":{"line":78,"type":"if","locations":[{"start":{"line":78,"column":10},"end":{"line":78,"column":10}},{"start":{"line":78,"column":10},"end":{"line":78,"column":10}}]},"12":{"line":83,"type":"if","locations":[{"start":{"line":83,"column":10},"end":{"line":83,"column":10}},{"start":{"line":83,"column":10},"end":{"line":83,"column":10}}]},"13":{"line":83,"type":"binary-expr","locations":[{"start":{"line":83,"column":14},"end":{"line":83,"column":32}},{"start":{"line":83,"column":36},"end":{"line":83,"column":50}}]},"14":{"line":95,"type":"if","locations":[{"start":{"line":95,"column":10},"end":{"line":95,"column":10}},{"start":{"line":95,"column":10},"end":{"line":95,"column":10}}]},"15":{"line":96,"type":"if","locations":[{"start":{"line":96,"column":12},"end":{"line":96,"column":12}},{"start":{"line":96,"column":12},"end":{"line":96,"column":12}}]},"16":{"line":106,"type":"if","locations":[{"start":{"line":106,"column":10},"end":{"line":106,"column":10}},{"start":{"line":106,"column":10},"end":{"line":106,"column":10}}]},"17":{"line":106,"type":"binary-expr","locations":[{"start":{"line":106,"column":14},"end":{"line":106,"column":38}},{"start":{"line":106,"column":43},"end":{"line":106,"column":67}},{"start":{"line":106,"column":71},"end":{"line":106,"column":97}}]}},"code":["(function() {","  var LintErrorOutput, SourceMapConsumer, _, chalk, path, stripPath;","","  path = require('path');","","  SourceMapConsumer = require('source-map').SourceMapConsumer;","","  _ = require('lodash');","","  chalk = require('chalk');","","  stripPath = require('strip-path');","","  LintErrorOutput = (function() {","    function LintErrorOutput(result, options, grunt) {","      this.result = result;","      this.options = options;","      this.grunt = grunt;","    }","","    LintErrorOutput.prototype.display = function(importsToLint) {","      var column, file, fileContents, fileLines, filePath, fullRuleMessage, i, isThisFile, issueCounts, len, less, lessSource, line, message, messageGroups, messages, output, ref, rule, ruleMessages, source, sourceMap;","      sourceMap = new SourceMapConsumer(this.result.sourceMap);","      issueCounts = {","        warnings: 0,","        errors: 0","      };","      messages = this.result.lint.messages;","      less = this.result.less;","      file = path.resolve(this.result.file);","      filePath = stripPath(file, process.cwd());","      fileContents = {};","      fileLines = {};","      messages = messages.filter((function(_this) {","        return function(message) {","          var isThisFile, source, sourceArray;","          if (message.line === 0 || message.rollup) {","            return true;","          }","          source = sourceMap.originalPositionFor({","            line: message.line,","            column: message.col","          }).source;","          if (source === null) {","            return false;","          }","          if (source) {","            source = path.resolve(source);","          }","          isThisFile = source === file;","          sourceArray = [stripPath(source, process.cwd()), stripPath(source, process.cwd() + '\\\\')];","          return isThisFile || _this.grunt.file.isMatch(importsToLint, sourceArray);","        };","      })(this));","      if (messages.length < 1) {","        return issueCounts;","      }","      this.result.lint.messages = messages;","      messageGroups = _.groupBy(messages, function(arg) {","        var fullMsg, message, rule, type;","        message = arg.message, rule = arg.rule, type = arg.type;","        fullMsg = \"\" + message;","        if ((type != null) && type.length !== 0) {","          fullMsg = \"\" + fullMsg;","        }","        if (rule.desc && rule.desc !== message) {","          fullMsg += \" \" + rule.desc;","        }","        return fullMsg;","      });","      this.grunt.log.writeln((chalk.yellow(filePath)) + \" (\" + messages.length + \")\");","      for (fullRuleMessage in messageGroups) {","        ruleMessages = messageGroups[fullRuleMessage];","        rule = ruleMessages[0].rule;","        this.grunt.log.writeln(fullRuleMessage + chalk.grey(\" (\" + rule.id + \")\"));","        for (i = 0, len = ruleMessages.length; i < len; i++) {","          message = ruleMessages[i];","          if (message.type === 'error') {","            issueCounts.errors += 1;","          } else {","            issueCounts.warnings += 1;","          }","          if (message.line === 0 || message.rollup) {","            continue;","          }","          ref = sourceMap.originalPositionFor({","            line: message.line,","            column: message.col","          }), line = ref.line, column = ref.column, source = ref.source;","          isThisFile = source === file;","          message.lessLine = {","            line: line,","            column: column","          };","          if (!fileContents[source]) {","            if (isThisFile) {","              fileContents[source] = less;","            } else {","              fileContents[source] = this.grunt.file.read(source);","            }","            fileLines[source] = fileContents[source].split('\\n');","          }","          filePath = stripPath(source, process.cwd());","          lessSource = fileLines[source][line - 1].slice(column);","          output = chalk.gray(filePath + \" [Line \" + line + \", Column \" + (column + 1) + \"]:\\t\") + (\" \" + (lessSource.trim()));","          if (this.options.failOnError && (message.type === 'error' || this.options.failOnWarning)) {","            this.grunt.log.error(output);","          } else {","            this.grunt.log.writeln(\"   \" + output);","          }","        }","      }","      return issueCounts;","    };","","    return LintErrorOutput;","","  })();","","  module.exports = LintErrorOutput;","","}).call(this);",""],"l":{"1":1,"2":1,"4":1,"6":1,"8":1,"10":1,"12":1,"14":1,"15":1,"16":0,"17":0,"18":0,"21":1,"22":0,"23":0,"24":0,"28":0,"29":0,"30":0,"31":0,"32":0,"33":0,"34":0,"35":0,"36":0,"37":0,"38":0,"40":0,"44":0,"45":0,"47":0,"48":0,"50":0,"51":0,"52":0,"55":0,"56":0,"58":0,"59":0,"60":0,"61":0,"62":0,"63":0,"64":0,"66":0,"67":0,"69":0,"71":0,"72":0,"73":0,"74":0,"75":0,"76":0,"77":0,"78":0,"79":0,"81":0,"83":0,"84":0,"86":0,"90":0,"91":0,"95":0,"96":0,"97":0,"99":0,"101":0,"103":0,"104":0,"105":0,"106":0,"107":0,"109":0,"113":0,"116":1,"120":1}}}